2019-09-24 19:09:31,152 : INFO : Machine : Mission Pinball Framework Core Engine v0.52.6
2019-09-24 19:09:31,153 : INFO : Machine : Command line arguments: {'no_load_cache': False, 'create_config_cache': True, 'bcp': True, 'configfile': ['config.yaml'], 'mpfconfigfile': 'J:\\Python\\lib\\site-packages\\mpf\\mpfconfig.yaml', 'force_assets_load': False, 'jsonlogging': False, 'logfile': 'logs\\2019-09-24-19-09-31-mpf-DESKTOP-2NHREP8.log', 'pause': False, 'production': False, 'text_ui': True, 'loglevel': 15, 'consoleloglevel': 20, 'force_platform': None, 'syslog_address': None, 'mc_file_name': None, 'no_sound': False}
2019-09-24 19:09:31,153 : INFO : Machine : MPF path: J:\Python\lib\site-packages\mpf
2019-09-24 19:09:31,153 : INFO : Machine : Machine path: J:\Pinball Code\POKEMON
2019-09-24 19:09:31,153 : INFO : Machine : Platform: win32
2019-09-24 19:09:31,153 : INFO : Machine : Python executable location: J:\Python\python.exe
2019-09-24 19:09:31,153 : INFO : Machine : Python version: 3.6.8 (64-bit)
2019-09-24 19:09:31,153 : INFO : Machine : Machine config file #1: config.yaml
2019-09-24 19:09:31,154 : INFO : ConfigProcessor : Loading config from cache: C:\Users\Chris\AppData\Local\Temp\69e0444c0f6138f6d2261c567bcf50ad.mpf_cache
2019-09-24 19:09:31,157 : INFO : Machine : Initialise MPF.
2019-09-24 19:09:31,239 : INFO : EventManager : Event: ======'machine_var_credits_string'====== Args={'value': 'FREE PLAY', 'prev_value': None, 'change': True}
2019-09-24 19:09:31,270 : INFO : EventManager : Event: ======'machine_var_player1_score'====== Args={'value': 0, 'prev_value': None, 'change': True}
2019-09-24 19:09:31,270 : INFO : EventManager : Event: ======'machine_var_mpf_version'====== Args={'value': 'MPF v0.52.6', 'prev_value': None, 'change': True}
2019-09-24 19:09:31,270 : INFO : EventManager : Event: ======'machine_var_mpf_extended_version'====== Args={'value': 'MPF v0.52.6, Config version:5, Show version: 5, BCP version:1.1', 'prev_value': None, 'change': True}
2019-09-24 19:09:31,270 : INFO : EventManager : Event: ======'machine_var_python_version'====== Args={'value': '3.6.8', 'prev_value': None, 'change': True}
2019-09-24 19:09:31,270 : INFO : EventManager : Event: ======'machine_var_platform'====== Args={'value': 'Windows-10-10.0.17134-SP0', 'prev_value': None, 'change': True}
2019-09-24 19:09:31,270 : INFO : EventManager : Event: ======'machine_var_platform_system'====== Args={'value': 'Windows', 'prev_value': None, 'change': True}
2019-09-24 19:09:31,270 : INFO : EventManager : Event: ======'machine_var_platform_release'====== Args={'value': '10', 'prev_value': None, 'change': True}
2019-09-24 19:09:31,270 : INFO : EventManager : Event: ======'machine_var_platform_version'====== Args={'value': '10.0.17134', 'prev_value': None, 'change': True}
2019-09-24 19:09:31,270 : INFO : EventManager : Event: ======'machine_var_platform_machine'====== Args={'value': 'AMD64', 'prev_value': None, 'change': True}
2019-09-24 19:09:31,270 : INFO : EventManager : Event: ======'init_phase_1'====== Args={}
2019-09-24 19:09:31,286 : INFO : ConfigProcessor : Loading config from cache: C:\Users\Chris\AppData\Local\Temp\206a85769bf0b844ba22633966100a87.mpf_cache
2019-09-24 19:09:31,302 : INFO : ConfigProcessor : Loading config from cache: C:\Users\Chris\AppData\Local\Temp\0557c8573691a949dbe0d19a228380a0.mpf_cache
2019-09-24 19:09:31,317 : INFO : ConfigProcessor : Loading config from cache: C:\Users\Chris\AppData\Local\Temp\b026998c18788086646f1fdaa380134c.mpf_cache
2019-09-24 19:09:31,333 : WARNING : ConfigProcessor : Config file in cache changed: J:\Pinball Code\POKEMON\modes\pichu\config\pichu.yaml
2019-09-24 19:09:31,333 : INFO : ConfigProcessor : Loading config from file J:\Pinball Code\POKEMON\modes\pichu\config\pichu.yaml.
2019-09-24 19:09:31,333 : ERROR : asyncio : Exception in callback EventManager._async_handler_done(<QueuedEvent>)(<Task finishe...pichu.yaml',)>) at J:\Python\lib\site-packages\mpf\core\events.py:96
handle: <Handle EventManager._async_handler_done(<QueuedEvent>)(<Task finishe...pichu.yaml',)>) at J:\Python\lib\site-packages\mpf\core\events.py:96>
Traceback (most recent call last):
  File "J:\Python\lib\site-packages\mpf\file_interfaces\yaml_interface.py", line 197, in load
    expected_version_str, version_str, filename))
AssertionError: Version mismatch. Expected: #config_version=5 Actual: mode: Files: J:\Pinball Code\POKEMON\modes\pichu\config\pichu.yaml

During handling of the above exception, another exception occurred:

Traceback (most recent call last):
  File "J:\Python\lib\asyncio\events.py", line 145, in _run
    self._callback(*self._args)
  File "J:\Python\lib\site-packages\mpf\core\events.py", line 99, in _async_handler_done
    future.result()
  File "J:\Python\lib\site-packages\mpf\core\mode_controller.py", line 117, in load_modes
    self.machine.modes[mode] = self._load_mode(mode)
  File "J:\Python\lib\site-packages\mpf\core\mode_controller.py", line 266, in _load_mode
    config = self._load_mode_config(mode_string)
  File "J:\Python\lib\site-packages\mpf\core\mode_controller.py", line 184, in _load_mode_config
    store_to_cache=self.machine.options['create_config_cache'])
  File "J:\Python\lib\site-packages\mpf\core\config_processor.py", line 112, in load_config_files_with_cache
    ignore_unknown_sections)
  File "J:\Python\lib\site-packages\mpf\core\config_processor.py", line 132, in _load_config_file_and_return_loaded_files
    config = FileManager.load(filename, expected_version_str, True)
  File "J:\Python\lib\site-packages\mpf\core\file_manager.py", line 99, in load
    return interface.load(file, verify_version, halt_on_error)
  File "J:\Python\lib\site-packages\mpf\file_interfaces\yaml_interface.py", line 212, in load
    raise ValueError(msg)
ValueError: Error found in file J:\Pinball Code\POKEMON\modes\pichu\config\pichu.yaml: Version mismatch. Expected: #config_version=5 Actual: mode: Files: J:\Pinball Code\POKEMON\modes\pichu\config\pichu.yaml
2019-09-24 19:09:31,374 : INFO : Machine : Starting the main run loop.
2019-09-24 19:09:31,375 : INFO : Machine : Shutting down...
2019-09-24 19:09:31,375 : INFO : EventManager : Event: ======'shutdown'====== Args={}
2019-09-24 19:09:31,387 : ERROR : root : Error found in file J:\Pinball Code\POKEMON\modes\pichu\config\pichu.yaml: Version mismatch. Expected: #config_version=5 Actual: mode: Files: J:\Pinball Code\POKEMON\modes\pichu\config\pichu.yaml
Traceback (most recent call last):
  File "J:\Python\lib\site-packages\mpf\file_interfaces\yaml_interface.py", line 197, in load
    expected_version_str, version_str, filename))
AssertionError: Version mismatch. Expected: #config_version=5 Actual: mode: Files: J:\Pinball Code\POKEMON\modes\pichu\config\pichu.yaml

During handling of the above exception, another exception occurred:

Traceback (most recent call last):
  File "J:\Python\lib\site-packages\mpf\commands\game.py", line 220, in __init__
    MachineController(mpf_path, machine_path, vars(self.args)).run()
  File "J:\Python\lib\site-packages\mpf\core\machine.py", line 709, in run
    self._run_loop()
  File "J:\Python\lib\site-packages\mpf\core\machine.py", line 769, in _run_loop
    raise self._exception['exception']
  File "J:\Python\lib\asyncio\events.py", line 145, in _run
    self._callback(*self._args)
  File "J:\Python\lib\site-packages\mpf\core\events.py", line 99, in _async_handler_done
    future.result()
  File "J:\Python\lib\site-packages\mpf\core\mode_controller.py", line 117, in load_modes
    self.machine.modes[mode] = self._load_mode(mode)
  File "J:\Python\lib\site-packages\mpf\core\mode_controller.py", line 266, in _load_mode
    config = self._load_mode_config(mode_string)
  File "J:\Python\lib\site-packages\mpf\core\mode_controller.py", line 184, in _load_mode_config
    store_to_cache=self.machine.options['create_config_cache'])
  File "J:\Python\lib\site-packages\mpf\core\config_processor.py", line 112, in load_config_files_with_cache
    ignore_unknown_sections)
  File "J:\Python\lib\site-packages\mpf\core\config_processor.py", line 132, in _load_config_file_and_return_loaded_files
    config = FileManager.load(filename, expected_version_str, True)
  File "J:\Python\lib\site-packages\mpf\core\file_manager.py", line 99, in load
    return interface.load(file, verify_version, halt_on_error)
  File "J:\Python\lib\site-packages\mpf\file_interfaces\yaml_interface.py", line 212, in load
    raise ValueError(msg)
ValueError: Error found in file J:\Pinball Code\POKEMON\modes\pichu\config\pichu.yaml: Version mismatch. Expected: #config_version=5 Actual: mode: Files: J:\Pinball Code\POKEMON\modes\pichu\config\pichu.yaml
