2019-09-25 22:36:17,444 : kivy : Factory: 194 symbols loaded
2019-09-25 22:36:18,006 : kivy : Image: Providers: img_tex, img_dds, img_sdl2, img_pil, img_gif (img_ffpyplayer ignored)
2019-09-25 22:36:18,366 : kivy : VideoGstplayer: Using Gstreamer 1.10.2.0
2019-09-25 22:36:18,366 : kivy : Video: Provider: gstplayer
2019-09-25 22:36:18,695 : kivy : Loading MPF-MC controller
2019-09-25 22:36:18,695 : mpfmc : Mission Pinball Framework Media Controller v0.50.8
2019-09-25 22:36:18,695 : mpfmc : Mission Pinball Framework Game Engine v0.50.17
2019-09-25 22:36:18,695 : mpfmc : Machine path: D:\POKEMON - 2
2019-09-25 22:36:18,710 : ConfigProcessor : Config file in cache changed: D:\POKEMON - 2\config\config
2019-09-25 22:36:20,210 : ConfigProcessor : Loading config from file c:\python34\lib\site-packages\mpfmc\mcconfig.yaml.
2019-09-25 22:36:20,414 : ConfigProcessor : Loading config: c:\python34\lib\site-packages\mpfmc\mcconfig.yaml
2019-09-25 22:36:20,414 : ConfigProcessor : Loading config from file D:\POKEMON - 2\config\config.
2019-09-25 22:36:20,570 : ConfigProcessor : Loading config: D:\POKEMON - 2\config\config
2019-09-25 22:36:20,570 : ConfigProcessor : Loading config: D:\POKEMON - 2\config\player_variables.yaml
2019-09-25 22:36:20,585 : ConfigProcessor : Loading config: D:\POKEMON - 2\config\key_mapping.yaml
2019-09-25 22:36:20,601 : ConfigProcessor : Config file cache created: C:\Users\MISSIO~1\AppData\Local\Temp\9066572af3754bcb4e8ca411bd20a237.mpf_cache
2019-09-25 22:36:20,617 : mpfmc : Starting clock at 60.0Hz
2019-09-25 22:36:20,757 : kivy : Text: Provider: sdl2
2019-09-25 22:36:22,367 : kivy : OSC: using <thread> for socket
2019-09-25 22:36:22,398 : kivy : Window: Provider: sdl2
2019-09-25 22:36:22,645 : kivy : GL: Using the "OpenGL" graphics system
2019-09-25 22:36:22,648 : kivy : GL: GLEW initialization succeeded
2019-09-25 22:36:22,649 : kivy : GL: Backend used <glew>
2019-09-25 22:36:22,649 : kivy : GL: OpenGL version <b'4.4.0 - Build 20.19.15.4835'>
2019-09-25 22:36:22,650 : kivy : GL: OpenGL vendor <b'Intel'>
2019-09-25 22:36:22,650 : kivy : GL: OpenGL renderer <b'Intel(R) HD Graphics'>
2019-09-25 22:36:22,650 : kivy : GL: OpenGL parsed version: 4, 4
2019-09-25 22:36:22,651 : kivy : GL: Shading version <b'4.40 - Build 20.19.15.4835'>
2019-09-25 22:36:22,651 : kivy : GL: Texture max size <16384>
2019-09-25 22:36:22,651 : kivy : GL: Texture max units <32>
2019-09-25 22:36:22,703 : kivy : Shader: fragment shader: <b"WARNING: 0:7: '' :  #version directive missing">
2019-09-25 22:36:22,705 : kivy : Shader: vertex shader: <b"WARNING: 0:7: '' :  #version directive missing">
2019-09-25 22:36:22,723 : kivy : Window: auto add sdl2 input provider
2019-09-25 22:36:22,724 : kivy : Window: virtual keyboard not allowed, single mode, not docked
2019-09-25 22:36:22,762 : SoundSystem : SoundSystem: Using default 'sound_system' settings
2019-09-25 22:36:24,755 : AudioInterface : Initialized
2019-09-25 22:36:24,756 : SoundSystem : No audio tracks are specified in your machine config file. a track named 'default' has been created.
2019-09-25 22:36:24,768 : kivy : Base: Start application main loop
2019-09-25 22:36:24,824 : mpfmc : Display: Setting 'window' as default display
2019-09-25 22:36:25,197 : ConfigProcessor : Loading config from cache: C:\Users\MISSIO~1\AppData\Local\Temp\c8c985d122de6339937b15f5cde5ffe7.mpf_cache
2019-09-25 22:36:25,206 : ConfigProcessor : Loading config from cache: C:\Users\MISSIO~1\AppData\Local\Temp\10f8871b1481fbf59bf30d5b3d29537e.mpf_cache
2019-09-25 22:36:25,209 : ConfigProcessor : Loading config from cache: C:\Users\MISSIO~1\AppData\Local\Temp\6f2a382b9c765c6a1f408e05b1d50db1.mpf_cache
2019-09-25 22:36:25,212 : ConfigProcessor : Loading config from cache: C:\Users\MISSIO~1\AppData\Local\Temp\4db3b4eb08bf5f2e1b30e7df1dec754e.mpf_cache
2019-09-25 22:36:25,229 : ConfigProcessor : Config file in cache changed: D:\POKEMON - 2\modes\evolve_pichu\config\evolve_pichu.yaml
2019-09-25 22:36:25,230 : ConfigProcessor : Loading config from file D:\POKEMON - 2\modes\evolve_pichu\config\evolve_pichu.yaml.
2019-09-25 22:36:25,281 : kivy : Base: Leaving application in progress...
2019-09-25 22:36:25,281 : kivy : YAML error found in file D:\POKEMON - 2\modes\evolve_pichu\config\evolve_pichu.yaml. Line 68,Position 3: while scanning a simple key
  in "D:\POKEMON - 2\modes\evolve_pichu\config\evolve_pichu.yaml", line 67, column 5
could not find expected ':'
  in "D:\POKEMON - 2\modes\evolve_pichu\config\evolve_pichu.yaml", line 68, column 3
Traceback (most recent call last):
  File "c:\python34\lib\site-packages\mpf\file_interfaces\yaml_interface.py", line 194, in load
    config = self.process(f)
  File "c:\python34\lib\site-packages\mpf\file_interfaces\yaml_interface.py", line 220, in process
    return yaml.load(data_string, Loader=MpfLoader)
  File "c:\python34\lib\site-packages\ruamel\yaml\main.py", line 75, in load
    return loader.get_single_data()
  File "c:\python34\lib\site-packages\ruamel\yaml\constructor.py", line 57, in get_single_data
    node = self.get_single_node()
  File "c:\python34\lib\site-packages\ruamel\yaml\composer.py", line 46, in get_single_node
    document = self.compose_document()
  File "c:\python34\lib\site-packages\ruamel\yaml\composer.py", line 66, in compose_document
    node = self.compose_node(None, None)
  File "c:\python34\lib\site-packages\ruamel\yaml\composer.py", line 97, in compose_node
    node = self.compose_mapping_node(anchor)
  File "c:\python34\lib\site-packages\ruamel\yaml\composer.py", line 156, in compose_mapping_node
    item_value = self.compose_node(node, item_key)
  File "c:\python34\lib\site-packages\ruamel\yaml\composer.py", line 97, in compose_node
    node = self.compose_mapping_node(anchor)
  File "c:\python34\lib\site-packages\ruamel\yaml\composer.py", line 156, in compose_mapping_node
    item_value = self.compose_node(node, item_key)
  File "c:\python34\lib\site-packages\ruamel\yaml\composer.py", line 97, in compose_node
    node = self.compose_mapping_node(anchor)
  File "c:\python34\lib\site-packages\ruamel\yaml\composer.py", line 149, in compose_mapping_node
    while not self.check_event(MappingEndEvent):
  File "c:\python34\lib\site-packages\ruamel\yaml\parser_.py", line 118, in check_event
    self.current_event = self.state()
  File "c:\python34\lib\site-packages\ruamel\yaml\parser_.py", line 490, in parse_block_mapping_key
    if self.check_token(KeyToken):
  File "c:\python34\lib\site-packages\ruamel\yaml\scanner.py", line 129, in check_token
    while self.need_more_tokens():
  File "c:\python34\lib\site-packages\ruamel\yaml\scanner.py", line 163, in need_more_tokens
    self.stale_possible_simple_keys()
  File "c:\python34\lib\site-packages\ruamel\yaml\scanner.py", line 307, in stale_possible_simple_keys
    "could not find expected ':'", self.get_mark())
ruamel.yaml.scanner.ScannerError: while scanning a simple key
  in "D:\POKEMON - 2\modes\evolve_pichu\config\evolve_pichu.yaml", line 67, column 5
could not find expected ':'
  in "D:\POKEMON - 2\modes\evolve_pichu\config\evolve_pichu.yaml", line 68, column 3

During handling of the above exception, another exception occurred:

Traceback (most recent call last):
  File "c:\python34\lib\site-packages\mpfmc\commands\mc.py", line 189, in __init__
    thread_stopper=thread_stopper).run()
  File "c:\python34\lib\site-packages\kivy\app.py", line 828, in run
    runTouchApp()
  File "c:\python34\lib\site-packages\kivy\base.py", line 504, in runTouchApp
    EventLoop.window.mainloop()
  File "c:\python34\lib\site-packages\kivy\core\window\window_sdl2.py", line 663, in mainloop
    self._mainloop()
  File "c:\python34\lib\site-packages\kivy\core\window\window_sdl2.py", line 405, in _mainloop
    EventLoop.idle()
  File "c:\python34\lib\site-packages\kivy\base.py", line 339, in idle
    Clock.tick()
  File "c:\python34\lib\site-packages\kivy\clock.py", line 581, in tick
    self._process_events()
  File "kivy\_clock.pyx", line 367, in kivy._clock.CyClockBase._process_events (kivy\_clock.c:7700)
  File "kivy\_clock.pyx", line 397, in kivy._clock.CyClockBase._process_events (kivy\_clock.c:7577)
  File "kivy\_clock.pyx", line 395, in kivy._clock.CyClockBase._process_events (kivy\_clock.c:7498)
  File "kivy\_clock.pyx", line 167, in kivy._clock.ClockEvent.tick (kivy\_clock.c:3490)
  File "c:\python34\lib\site-packages\mpfmc\uix\display.py", line 200, in _displays_initialized
    self.mc.displays_initialized()
  File "c:\python34\lib\site-packages\mpfmc\core\mc.py", line 336, in displays_initialized
    self._init()
  File "c:\python34\lib\site-packages\mpfmc\core\mc.py", line 380, in _init
    self.events.process_event_queue()
  File "c:\python34\lib\site-packages\mpf\core\events.py", line 729, in process_event_queue
    **event[3])
  File "c:\python34\lib\site-packages\mpf\core\events.py", line 698, in _process_event
    result = self._run_handlers(event, ev_type, kwargs)
  File "c:\python34\lib\site-packages\mpf\core\events.py", line 656, in _run_handlers
    result = handler.callback(**merged_kwargs)
  File "c:\python34\lib\site-packages\mpfmc\core\mode_controller.py", line 59, in _load_modes
    self.mc.modes[mode] = self._load_mode(mode)
  File "c:\python34\lib\site-packages\mpfmc\core\mode_controller.py", line 132, in _load_mode
    store_to_cache=self.mc.options['create_config_cache'], ignore_unknown_sections=True)
  File "c:\python34\lib\site-packages\mpf\core\config_processor.py", line 111, in load_config_files_with_cache
    ignore_unknown_sections)
  File "c:\python34\lib\site-packages\mpf\core\config_processor.py", line 131, in _load_config_file_and_return_loaded_files
    config = FileManager.load(filename, expected_version_str, True)
  File "c:\python34\lib\site-packages\mpf\core\file_manager.py", line 154, in load
    return interface.load(file, verify_version, halt_on_error)
  File "c:\python34\lib\site-packages\mpf\file_interfaces\yaml_interface.py", line 201, in load
    raise ValueError(msg)
ValueError: YAML error found in file D:\POKEMON - 2\modes\evolve_pichu\config\evolve_pichu.yaml. Line 68,Position 3: while scanning a simple key
  in "D:\POKEMON - 2\modes\evolve_pichu\config\evolve_pichu.yaml", line 67, column 5
could not find expected ':'
  in "D:\POKEMON - 2\modes\evolve_pichu\config\evolve_pichu.yaml", line 68, column 3
2019-09-25 22:36:25,313 : kivy : Stopping child threads... (1 remaining)
2019-09-25 22:36:25,816 : kivy : All child threads stopped.
