2019-09-24 19:24:38,249 : INFO : Machine : Mission Pinball Framework Core Engine v0.52.6
2019-09-24 19:24:38,249 : INFO : Machine : Command line arguments: {'no_load_cache': False, 'create_config_cache': True, 'bcp': True, 'configfile': ['config.yaml'], 'mpfconfigfile': 'J:\\Python\\lib\\site-packages\\mpf\\mpfconfig.yaml', 'force_assets_load': False, 'jsonlogging': False, 'logfile': 'logs\\2019-09-24-19-24-38-mpf-DESKTOP-2NHREP8.log', 'pause': False, 'production': False, 'text_ui': True, 'loglevel': 15, 'consoleloglevel': 20, 'force_platform': None, 'syslog_address': None, 'mc_file_name': None, 'no_sound': False}
2019-09-24 19:24:38,249 : INFO : Machine : MPF path: J:\Python\lib\site-packages\mpf
2019-09-24 19:24:38,249 : INFO : Machine : Machine path: J:\Pinball Code\POKEMON
2019-09-24 19:24:38,249 : INFO : Machine : Platform: win32
2019-09-24 19:24:38,249 : INFO : Machine : Python executable location: J:\Python\python.exe
2019-09-24 19:24:38,249 : INFO : Machine : Python version: 3.6.8 (64-bit)
2019-09-24 19:24:38,249 : INFO : Machine : Machine config file #1: config.yaml
2019-09-24 19:24:38,250 : INFO : ConfigProcessor : Loading config from cache: C:\Users\Chris\AppData\Local\Temp\69e0444c0f6138f6d2261c567bcf50ad.mpf_cache
2019-09-24 19:24:38,253 : INFO : Machine : Initialise MPF.
2019-09-24 19:24:38,348 : INFO : EventManager : Event: ======'machine_var_credits_string'====== Args={'value': 'FREE PLAY', 'prev_value': None, 'change': True}
2019-09-24 19:24:38,378 : INFO : EventManager : Event: ======'machine_var_player1_score'====== Args={'value': 0, 'prev_value': None, 'change': True}
2019-09-24 19:24:38,378 : INFO : EventManager : Event: ======'machine_var_mpf_version'====== Args={'value': 'MPF v0.52.6', 'prev_value': None, 'change': True}
2019-09-24 19:24:38,378 : INFO : EventManager : Event: ======'machine_var_mpf_extended_version'====== Args={'value': 'MPF v0.52.6, Config version:5, Show version: 5, BCP version:1.1', 'prev_value': None, 'change': True}
2019-09-24 19:24:38,379 : INFO : EventManager : Event: ======'machine_var_python_version'====== Args={'value': '3.6.8', 'prev_value': None, 'change': True}
2019-09-24 19:24:38,379 : INFO : EventManager : Event: ======'machine_var_platform'====== Args={'value': 'Windows-10-10.0.17134-SP0', 'prev_value': None, 'change': True}
2019-09-24 19:24:38,379 : INFO : EventManager : Event: ======'machine_var_platform_system'====== Args={'value': 'Windows', 'prev_value': None, 'change': True}
2019-09-24 19:24:38,379 : INFO : EventManager : Event: ======'machine_var_platform_release'====== Args={'value': '10', 'prev_value': None, 'change': True}
2019-09-24 19:24:38,379 : INFO : EventManager : Event: ======'machine_var_platform_version'====== Args={'value': '10.0.17134', 'prev_value': None, 'change': True}
2019-09-24 19:24:38,379 : INFO : EventManager : Event: ======'machine_var_platform_machine'====== Args={'value': 'AMD64', 'prev_value': None, 'change': True}
2019-09-24 19:24:38,379 : INFO : EventManager : Event: ======'init_phase_1'====== Args={}
2019-09-24 19:24:38,401 : INFO : ConfigProcessor : Loading config from cache: C:\Users\Chris\AppData\Local\Temp\3b6e6d9cbe11cd369d2d74a9858f4f8d.mpf_cache
2019-09-24 19:24:38,403 : INFO : ConfigProcessor : Loading config from cache: C:\Users\Chris\AppData\Local\Temp\206a85769bf0b844ba22633966100a87.mpf_cache
2019-09-24 19:24:38,406 : INFO : ConfigProcessor : Loading config from cache: C:\Users\Chris\AppData\Local\Temp\b026998c18788086646f1fdaa380134c.mpf_cache
2019-09-24 19:24:38,409 : INFO : ConfigProcessor : Loading config from cache: C:\Users\Chris\AppData\Local\Temp\0557c8573691a949dbe0d19a228380a0.mpf_cache
2019-09-24 19:24:38,411 : WARNING : ConfigProcessor : Config file in cache changed: J:\Pinball Code\POKEMON\modes\pichu\config\pichu.yaml
2019-09-24 19:24:38,411 : INFO : ConfigProcessor : Loading config from file J:\Pinball Code\POKEMON\modes\pichu\config\pichu.yaml.
2019-09-24 19:24:38,430 : INFO : ConfigProcessor : Loading config: J:\Pinball Code\POKEMON\modes\pichu\config\pichu.yaml
2019-09-24 19:24:38,431 : INFO : ConfigProcessor : Config file cache created: C:\Users\Chris\AppData\Local\Temp\2f6c6435e826e441dccd53350c4e6995.mpf_cache
2019-09-24 19:24:38,445 : INFO : EventManager : Event: ======'drop_target_bank_right_bank_up'====== Args={}
2019-09-24 19:24:38,445 : INFO : EventManager : Event: ======'init_phase_2'====== Args={}
2019-09-24 19:24:38,446 : INFO : SwitchController : Found active switch: ('1-9', <Platform.SmartVirtual>)
2019-09-24 19:24:38,475 : INFO : EventManager : Event: ======'bcp_connection_attempt'====== Args={'name': 'local_display', 'host': 'localhost', 'port': 5050}
2019-09-24 19:24:38,478 : INFO : BCPClientSocket.local_display : Connecting BCP to 'local_display' at localhost:5050...
2019-09-24 19:24:40,489 : INFO : BCPClientSocket.local_display : Connected BCP to 'local_display' localhost:5050
2019-09-24 19:24:40,489 : INFO : EventManager : Event: ======'bcp_clients_connected'====== Args={}
2019-09-24 19:24:40,499 : INFO : EventManager : Event: ======'machine_var_master_volume'====== Args={'value': 0.5, 'prev_value': None, 'change': True}
2019-09-24 19:24:40,510 : INFO : EventManager : Event: ======'init_phase_3'====== Args={}
2019-09-24 19:24:40,514 : INFO : EventManager : Event: ======'init_phase_4'====== Args={}
2019-09-24 19:24:40,516 : INFO : EventManager : Event: ======'machine_var_audits_events_game_ended'====== Args={'value': 136, 'prev_value': None, 'change': True}
2019-09-24 19:24:40,516 : INFO : EventManager : Event: ======'machine_var_audits_events_game_started'====== Args={'value': 177, 'prev_value': None, 'change': True}
2019-09-24 19:24:40,516 : INFO : EventManager : Event: ======'machine_var_audits_player_score'====== Args={'value': {'average': 186.70270270270268, 'top': [828, 726, 724, 722, 706, 614, 516, 513, 504, 499], 'total': 148}, 'prev_value': None, 'change': True}
2019-09-24 19:24:40,516 : INFO : EventManager : Event: ======'machine_var_audits_switches_s_drain'====== Args={'value': 1369, 'prev_value': None, 'change': True}
2019-09-24 19:24:40,516 : INFO : EventManager : Event: ======'machine_var_audits_switches_s_drop_center'====== Args={'value': 314, 'prev_value': None, 'change': True}
2019-09-24 19:24:40,516 : INFO : EventManager : Event: ======'machine_var_audits_switches_s_drop_left'====== Args={'value': 292, 'prev_value': None, 'change': True}
2019-09-24 19:24:40,517 : INFO : EventManager : Event: ======'machine_var_audits_switches_s_drop_right'====== Args={'value': 262, 'prev_value': None, 'change': True}
2019-09-24 19:24:40,517 : INFO : EventManager : Event: ======'machine_var_audits_switches_s_flipper_left'====== Args={'value': 4000, 'prev_value': None, 'change': True}
2019-09-24 19:24:40,517 : INFO : EventManager : Event: ======'machine_var_audits_switches_s_flipper_right'====== Args={'value': 5737, 'prev_value': None, 'change': True}
2019-09-24 19:24:40,517 : INFO : EventManager : Event: ======'machine_var_audits_switches_s_gym'====== Args={'value': 154, 'prev_value': None, 'change': True}
2019-09-24 19:24:40,517 : INFO : EventManager : Event: ======'machine_var_audits_switches_s_plunger_lane'====== Args={'value': 87, 'prev_value': None, 'change': True}
2019-09-24 19:24:40,517 : INFO : EventManager : Event: ======'machine_var_audits_switches_s_pop_bottom'====== Args={'value': 1225, 'prev_value': None, 'change': True}
2019-09-24 19:24:40,518 : INFO : EventManager : Event: ======'machine_var_audits_switches_s_pop_left'====== Args={'value': 10, 'prev_value': None, 'change': True}
2019-09-24 19:24:40,518 : INFO : EventManager : Event: ======'machine_var_audits_switches_s_pop_right'====== Args={'value': 962, 'prev_value': None, 'change': True}
2019-09-24 19:24:40,518 : INFO : EventManager : Event: ======'machine_var_audits_switches_s_pop_top'====== Args={'value': 433, 'prev_value': None, 'change': True}
2019-09-24 19:24:40,518 : INFO : EventManager : Event: ======'machine_var_audits_switches_s_saucer'====== Args={'value': 624, 'prev_value': None, 'change': True}
2019-09-24 19:24:40,518 : INFO : EventManager : Event: ======'machine_var_audits_switches_s_sling_left'====== Args={'value': 573, 'prev_value': None, 'change': True}
2019-09-24 19:24:40,519 : INFO : EventManager : Event: ======'machine_var_audits_switches_s_sling_right'====== Args={'value': 757, 'prev_value': None, 'change': True}
2019-09-24 19:24:40,519 : INFO : EventManager : Event: ======'machine_var_audits_switches_s_spinner'====== Args={'value': 3068, 'prev_value': None, 'change': True}
2019-09-24 19:24:40,519 : INFO : EventManager : Event: ======'machine_var_audits_switches_s_start'====== Args={'value': 31, 'prev_value': None, 'change': True}
2019-09-24 19:24:40,519 : INFO : EventManager : Event: ======'machine_var_audits_switches_s_trough'====== Args={'value': 834, 'prev_value': None, 'change': True}
2019-09-24 19:24:40,519 : INFO : EventManager : Event: ======'init_phase_5'====== Args={}
2019-09-24 19:24:40,520 : INFO : EventManager : Event: ======'init_done'====== Args={}
2019-09-24 19:24:40,520 : INFO : EventManager : Event: ======'machine_reset_phase_1'====== Args={}
2019-09-24 19:24:40,524 : INFO : EventManager : Event: ======'slide_welcome_slide_removed'====== Args={'_from_bcp': True}
2019-09-24 19:24:40,525 : INFO : EventManager : Event: ======'slide_welcome_slide_created'====== Args={'_from_bcp': True}
2019-09-24 19:24:40,526 : INFO : EventManager : Event: ======'machine_reset_phase_2'====== Args={}
2019-09-24 19:24:40,526 : INFO : EventManager : Event: ======'machine_reset_phase_3'====== Args={}
2019-09-24 19:24:40,526 : INFO : drop_target_bank.right_bank : All targets are already up. Will not reset bank.
2019-09-24 19:24:40,527 : INFO : EventManager : Event: ======'reset_complete'====== Args={}
2019-09-24 19:24:40,527 : INFO : EventManager : Event: ======'mode_attract_will_start'====== Args={}
2019-09-24 19:24:40,527 : INFO : EventManager : Event: ======'mode_attract_starting'====== Args={}
2019-09-24 19:24:40,527 : INFO : Mode.attract : Started. Priority: 10
2019-09-24 19:24:40,527 : INFO : EventManager : Event: ======'mode_attract_started'====== Args={}
2019-09-24 19:24:40,528 : INFO : EventManager : Event: ======'collecting_balls_complete'====== Args={}
2019-09-24 19:24:40,528 : INFO : EventManager : Event: ======'slide_welcome_slide_active'====== Args={'_from_bcp': True}
2019-09-24 19:24:40,528 : INFO : Machine : Starting the main run loop.
2019-09-24 19:24:40,538 : INFO : EventManager : Event: ======'slide_attract_started_created'====== Args={'_from_bcp': True}
2019-09-24 19:24:40,539 : INFO : EventManager : Event: ======'slide_attract_started_active'====== Args={'_from_bcp': True}
2019-09-24 19:24:40,708 : INFO : SwitchController : <<<<<<< 's_start' active >>>>>>>
2019-09-24 19:24:40,822 : INFO : BcpServer : New client connected.
2019-09-24 19:24:40,859 : INFO : SwitchController : <<<<<<< 's_start' inactive >>>>>>>
2019-09-24 19:24:40,859 : INFO : EventManager : Event: ======'request_to_start_game'====== Args={}
2019-09-24 19:24:40,862 : INFO : EventManager : Event: ======'game_start'====== Args={'buttons': [], 'hold_time': 0.13999999999941792}
2019-09-24 19:24:40,862 : INFO : EventManager : Event: ======'mode_game_will_start'====== Args={'buttons': [], 'hold_time': 0.13999999999941792}
2019-09-24 19:24:40,863 : INFO : EventManager : Event: ======'mode_game_starting'====== Args={'buttons': [], 'hold_time': 0.13999999999941792}
2019-09-24 19:24:40,863 : INFO : EventManager : Event: ======'mode_attract_will_stop'====== Args={}
2019-09-24 19:24:40,863 : INFO : EventManager : Event: ======'mode_attract_stopping'====== Args={}
2019-09-24 19:24:40,863 : INFO : Mode.attract : Stopped.
2019-09-24 19:24:40,864 : INFO : EventManager : Event: ======'mode_attract_stopped'====== Args={}
2019-09-24 19:24:40,864 : INFO : EventManager : Event: ======'clear'====== Args={'key': 'attract'}
2019-09-24 19:24:40,864 : INFO : Mode.game : Started. Priority: 20
2019-09-24 19:24:40,864 : INFO : EventManager : Event: ======'mode_game_started'====== Args={'buttons': [], 'hold_time': 0.13999999999941792}
2019-09-24 19:24:40,864 : INFO : EventManager : Event: ======'game_will_start'====== Args={}
2019-09-24 19:24:40,865 : INFO : EventManager : Event: ======'game_starting'====== Args={'game': <Mode.game>}
2019-09-24 19:24:40,865 : INFO : EventManager : Event: ======'player_add_request'====== Args={}
2019-09-24 19:24:40,865 : INFO : EventManager : Event: ======'player_will_add'====== Args={'number': 1}
2019-09-24 19:24:40,866 : INFO : EventManager : Event: ======'player_adding'====== Args={'player': <Player 1>, 'number': 1}
2019-09-24 19:24:40,866 : INFO : EventManager : Event: ======'player_added'====== Args={'player': <Player 1>, 'num': 1}
2019-09-24 19:24:40,866 : INFO : Mode.game : Player added successfully. Total players: 1
2019-09-24 19:24:40,866 : INFO : EventManager : Event: ======'player_index'====== Args={'value': 0, 'prev_value': 0, 'change': 0, 'player_num': 1}
2019-09-24 19:24:40,866 : INFO : EventManager : Event: ======'player_number'====== Args={'value': 1, 'prev_value': 1, 'change': 0, 'player_num': 1}
2019-09-24 19:24:40,867 : INFO : EventManager : Event: ======'player_pichu_exp'====== Args={'value': 1, 'prev_value': 1, 'change': 0, 'player_num': 1}
2019-09-24 19:24:40,867 : INFO : EventManager : Event: ======'player_score'====== Args={'value': 0, 'prev_value': 0, 'change': 0, 'player_num': 1}
2019-09-24 19:24:40,868 : INFO : EventManager : Event: ======'game_started'====== Args={}
2019-09-24 19:24:40,868 : INFO : EventManager : Event: ======'player_turn_will_start'====== Args={'player': <Player 1>, 'number': 1}
2019-09-24 19:24:40,869 : INFO : EventManager : Event: ======'player_turn_starting'====== Args={'player': <Player 1>, 'number': 1}
2019-09-24 19:24:40,869 : INFO : EventManager : Event: ======'player_ball'====== Args={'value': 1, 'prev_value': 0, 'change': 1, 'player_num': 1}
2019-09-24 19:24:40,869 : INFO : EventManager : Event: ======'player_turn_started'====== Args={'player': <Player 1>, 'number': 1}
2019-09-24 19:24:40,870 : INFO : EventManager : Event: ======'ball_will_start'====== Args={'player': 1, 'ball': 1, 'balls_remaining': 2, 'is_extra_ball': False}
2019-09-24 19:24:40,870 : INFO : EventManager : Event: ======'ball_starting'====== Args={'player': 1, 'ball': 1, 'balls_remaining': 2, 'is_extra_ball': False}
2019-09-24 19:24:40,870 : INFO : EventManager : Event: ======'mode_base_will_start'====== Args={'queue': <QueuedEvent>, 'player': 1, 'ball': 1, 'balls_remaining': 2, 'is_extra_ball': False}
2019-09-24 19:24:40,871 : INFO : EventManager : Event: ======'mode_base_starting'====== Args={'queue': <QueuedEvent>, 'player': 1, 'ball': 1, 'balls_remaining': 2, 'is_extra_ball': False}
2019-09-24 19:24:40,871 : INFO : drop_target_bank.right_bank : All targets are already up. Will not reset bank.
2019-09-24 19:24:40,871 : INFO : Mode.base : Started. Priority: 31
2019-09-24 19:24:40,871 : INFO : EventManager : Event: ======'mode_base_started'====== Args={'queue': <QueuedEvent>, 'player': 1, 'ball': 1, 'balls_remaining': 2, 'is_extra_ball': False}
2019-09-24 19:24:40,872 : INFO : EventManager : Event: ======'start_mode_pichu'====== Args={'priority': 0}
2019-09-24 19:24:40,872 : INFO : EventManager : Event: ======'mode_pichu_will_start'====== Args={'priority': 0}
2019-09-24 19:24:40,872 : ERROR : asyncio : Exception in callback EventManager.process_event_queue()
handle: <Handle EventManager.process_event_queue()>
Traceback (most recent call last):
  File "J:\Python\lib\site-packages\mpf\core\events.py", line 657, in _run_handlers
    result = handler.callback(**merged_kwargs)
  File "J:\Python\lib\site-packages\mpf\core\mode.py", line 233, in start
    **item.kwargs))
  File "J:\Python\lib\site-packages\mpf\core\config_player.py", line 205, in mode_start
    event_keys = self.register_player_events(config, mode, priority)
  File "J:\Python\lib\site-packages\mpf\core\config_player.py", line 289, in register_player_events
    event, actual_priority = self._parse_event_priority(event, priority)
  File "J:\Python\lib\site-packages\mpf\core\config_player.py", line 231, in _parse_event_priority
    priority += int(event[event.find(".") + 1:])
ValueError: invalid literal for int() with base 10: 'pichu_exp >= 100'

The above exception was the direct cause of the following exception:

Traceback (most recent call last):
  File "J:\Python\lib\asyncio\events.py", line 145, in _run
    self._callback(*self._args)
  File "J:\Python\lib\site-packages\mpf\core\events.py", line 738, in process_event_queue
    **event[3])
  File "J:\Python\lib\site-packages\mpf\core\events.py", line 703, in _process_event
    result = self._run_handlers(event, ev_type, kwargs)
  File "J:\Python\lib\site-packages\mpf\core\events.py", line 659, in _run_handlers
    raise Exception("Exception while processing {} for event {}".format(handler, event)) from e
Exception: Exception while processing RegisteredHandler(callback=<bound method Mode.start of <Mode.pichu>>, priority=65, kwargs={}, key=UUID('a777a1e5-b814-435c-96c9-492ca4767b38'), condition=None, blocking_facility=None) for event start_mode_pichu
2019-09-24 19:24:40,874 : INFO : EventManager : Event: ======'balls_in_play'====== Args={'balls': 1}
2019-09-24 19:24:40,874 : INFO : EventManager : Event: ======'ball_started'====== Args={'player': 1, 'ball': 1, 'balls_remaining': 2, 'is_extra_ball': False}
2019-09-24 19:24:40,875 : INFO : Machine : Shutting down...
2019-09-24 19:24:40,875 : INFO : EventManager : Event: ======'shutdown'====== Args={}
2019-09-24 19:24:40,877 : INFO : EventManager : Event: ======'single_player_ball_started'====== Args={}
2019-09-24 19:24:40,877 : INFO : EventManager : Event: ======'balldevice_balls_available'====== Args={}
2019-09-24 19:24:40,889 : ERROR : root : Exception while processing RegisteredHandler(callback=<bound method Mode.start of <Mode.pichu>>, priority=65, kwargs={}, key=UUID('a777a1e5-b814-435c-96c9-492ca4767b38'), condition=None, blocking_facility=None) for event start_mode_pichu
Traceback (most recent call last):
  File "J:\Python\lib\site-packages\mpf\core\events.py", line 657, in _run_handlers
    result = handler.callback(**merged_kwargs)
  File "J:\Python\lib\site-packages\mpf\core\mode.py", line 233, in start
    **item.kwargs))
  File "J:\Python\lib\site-packages\mpf\core\config_player.py", line 205, in mode_start
    event_keys = self.register_player_events(config, mode, priority)
  File "J:\Python\lib\site-packages\mpf\core\config_player.py", line 289, in register_player_events
    event, actual_priority = self._parse_event_priority(event, priority)
  File "J:\Python\lib\site-packages\mpf\core\config_player.py", line 231, in _parse_event_priority
    priority += int(event[event.find(".") + 1:])
ValueError: invalid literal for int() with base 10: 'pichu_exp >= 100'

The above exception was the direct cause of the following exception:

Traceback (most recent call last):
  File "J:\Python\lib\site-packages\mpf\commands\game.py", line 220, in __init__
    MachineController(mpf_path, machine_path, vars(self.args)).run()
  File "J:\Python\lib\site-packages\mpf\core\machine.py", line 709, in run
    self._run_loop()
  File "J:\Python\lib\site-packages\mpf\core\machine.py", line 769, in _run_loop
    raise self._exception['exception']
  File "J:\Python\lib\asyncio\events.py", line 145, in _run
    self._callback(*self._args)
  File "J:\Python\lib\site-packages\mpf\core\events.py", line 738, in process_event_queue
    **event[3])
  File "J:\Python\lib\site-packages\mpf\core\events.py", line 703, in _process_event
    result = self._run_handlers(event, ev_type, kwargs)
  File "J:\Python\lib\site-packages\mpf\core\events.py", line 659, in _run_handlers
    raise Exception("Exception while processing {} for event {}".format(handler, event)) from e
Exception: Exception while processing RegisteredHandler(callback=<bound method Mode.start of <Mode.pichu>>, priority=65, kwargs={}, key=UUID('a777a1e5-b814-435c-96c9-492ca4767b38'), condition=None, blocking_facility=None) for event start_mode_pichu
