2019-09-24 19:14:02,808 : INFO : Machine : Mission Pinball Framework Core Engine v0.52.6
2019-09-24 19:14:02,809 : INFO : Machine : Command line arguments: {'no_load_cache': False, 'create_config_cache': True, 'bcp': True, 'configfile': ['config.yaml'], 'mpfconfigfile': 'J:\\Python\\lib\\site-packages\\mpf\\mpfconfig.yaml', 'force_assets_load': False, 'jsonlogging': False, 'logfile': 'logs\\2019-09-24-19-14-02-mpf-DESKTOP-2NHREP8.log', 'pause': False, 'production': False, 'text_ui': True, 'loglevel': 15, 'consoleloglevel': 20, 'force_platform': None, 'syslog_address': None, 'mc_file_name': None, 'no_sound': False}
2019-09-24 19:14:02,809 : INFO : Machine : MPF path: J:\Python\lib\site-packages\mpf
2019-09-24 19:14:02,809 : INFO : Machine : Machine path: J:\Pinball Code\POKEMON
2019-09-24 19:14:02,809 : INFO : Machine : Platform: win32
2019-09-24 19:14:02,809 : INFO : Machine : Python executable location: J:\Python\python.exe
2019-09-24 19:14:02,809 : INFO : Machine : Python version: 3.6.8 (64-bit)
2019-09-24 19:14:02,809 : INFO : Machine : Machine config file #1: config.yaml
2019-09-24 19:14:02,810 : WARNING : ConfigProcessor : Config file in cache changed: J:\Pinball Code\POKEMON\config\config.yaml
2019-09-24 19:14:02,810 : INFO : ConfigProcessor : Loading config from file J:\Python\lib\site-packages\mpf\mpfconfig.yaml.
2019-09-24 19:14:02,893 : INFO : ConfigProcessor : Loading config: J:\Python\lib\site-packages\mpf\mpfconfig.yaml
2019-09-24 19:14:02,900 : INFO : ConfigProcessor : Loading config from file J:\Pinball Code\POKEMON\config\config.yaml.
2019-09-24 19:14:02,937 : INFO : ConfigProcessor : Loading config: J:\Pinball Code\POKEMON\config\config.yaml
2019-09-24 19:14:02,938 : INFO : ConfigProcessor : Loading config: J:\Pinball Code\POKEMON\config\player_variables.yaml
2019-09-24 19:14:02,943 : INFO : ConfigProcessor : Loading config: J:\Pinball Code\POKEMON\config\key_mapping.yaml
2019-09-24 19:14:02,945 : INFO : ConfigProcessor : Config file cache created: C:\Users\Chris\AppData\Local\Temp\69e0444c0f6138f6d2261c567bcf50ad.mpf_cache
2019-09-24 19:14:02,948 : INFO : Machine : Initialise MPF.
2019-09-24 19:14:03,033 : INFO : EventManager : Event: ======'machine_var_credits_string'====== Args={'value': 'FREE PLAY', 'prev_value': None, 'change': True}
2019-09-24 19:14:03,063 : INFO : EventManager : Event: ======'machine_var_player1_score'====== Args={'value': 0, 'prev_value': None, 'change': True}
2019-09-24 19:14:03,063 : INFO : EventManager : Event: ======'machine_var_mpf_version'====== Args={'value': 'MPF v0.52.6', 'prev_value': None, 'change': True}
2019-09-24 19:14:03,063 : INFO : EventManager : Event: ======'machine_var_mpf_extended_version'====== Args={'value': 'MPF v0.52.6, Config version:5, Show version: 5, BCP version:1.1', 'prev_value': None, 'change': True}
2019-09-24 19:14:03,064 : INFO : EventManager : Event: ======'machine_var_python_version'====== Args={'value': '3.6.8', 'prev_value': None, 'change': True}
2019-09-24 19:14:03,064 : INFO : EventManager : Event: ======'machine_var_platform'====== Args={'value': 'Windows-10-10.0.17134-SP0', 'prev_value': None, 'change': True}
2019-09-24 19:14:03,064 : INFO : EventManager : Event: ======'machine_var_platform_system'====== Args={'value': 'Windows', 'prev_value': None, 'change': True}
2019-09-24 19:14:03,064 : INFO : EventManager : Event: ======'machine_var_platform_release'====== Args={'value': '10', 'prev_value': None, 'change': True}
2019-09-24 19:14:03,064 : INFO : EventManager : Event: ======'machine_var_platform_version'====== Args={'value': '10.0.17134', 'prev_value': None, 'change': True}
2019-09-24 19:14:03,064 : INFO : EventManager : Event: ======'machine_var_platform_machine'====== Args={'value': 'AMD64', 'prev_value': None, 'change': True}
2019-09-24 19:14:03,064 : INFO : EventManager : Event: ======'init_phase_1'====== Args={}
2019-09-24 19:14:03,086 : INFO : ConfigProcessor : Loading config from cache: C:\Users\Chris\AppData\Local\Temp\0557c8573691a949dbe0d19a228380a0.mpf_cache
2019-09-24 19:14:03,089 : WARNING : ConfigProcessor : Cache file not found: C:\Users\Chris\AppData\Local\Temp\3b6e6d9cbe11cd369d2d74a9858f4f8d.mpf_cache
2019-09-24 19:14:03,089 : INFO : ConfigProcessor : Loading config from file J:\Pinball Code\POKEMON\modes\base\config\base.yaml.
2019-09-24 19:14:03,090 : INFO : ConfigProcessor : Loading config: J:\Pinball Code\POKEMON\modes\base\config\base.yaml
2019-09-24 19:14:03,091 : INFO : ConfigProcessor : Config file cache created: C:\Users\Chris\AppData\Local\Temp\3b6e6d9cbe11cd369d2d74a9858f4f8d.mpf_cache
2019-09-24 19:14:03,093 : INFO : ConfigProcessor : Loading config from cache: C:\Users\Chris\AppData\Local\Temp\b026998c18788086646f1fdaa380134c.mpf_cache
2019-09-24 19:14:03,097 : WARNING : ConfigProcessor : Config file in cache changed: J:\Pinball Code\POKEMON\modes\pichu\config\pichu.yaml
2019-09-24 19:14:03,097 : INFO : ConfigProcessor : Loading config from file J:\Pinball Code\POKEMON\modes\pichu\config\pichu.yaml.
2019-09-24 19:14:03,117 : INFO : ConfigProcessor : Loading config: J:\Pinball Code\POKEMON\modes\pichu\config\pichu.yaml
2019-09-24 19:14:03,118 : INFO : ConfigProcessor : Config file cache created: C:\Users\Chris\AppData\Local\Temp\2f6c6435e826e441dccd53350c4e6995.mpf_cache
2019-09-24 19:14:03,121 : INFO : ConfigProcessor : Loading config from cache: C:\Users\Chris\AppData\Local\Temp\206a85769bf0b844ba22633966100a87.mpf_cache
2019-09-24 19:14:03,136 : INFO : EventManager : Event: ======'drop_target_bank_right_bank_up'====== Args={}
2019-09-24 19:14:03,137 : INFO : EventManager : Event: ======'init_phase_2'====== Args={}
2019-09-24 19:14:03,137 : INFO : SwitchController : Found active switch: ('1-9', <Platform.SmartVirtual>)
2019-09-24 19:14:03,162 : INFO : EventManager : Event: ======'bcp_connection_attempt'====== Args={'name': 'local_display', 'host': 'localhost', 'port': 5050}
2019-09-24 19:14:03,162 : INFO : BCPClientSocket.local_display : Connecting BCP to 'local_display' at localhost:5050...
2019-09-24 19:14:05,177 : INFO : BCPClientSocket.local_display : Connected BCP to 'local_display' localhost:5050
2019-09-24 19:14:05,177 : INFO : EventManager : Event: ======'bcp_clients_connected'====== Args={}
2019-09-24 19:14:05,197 : INFO : EventManager : Event: ======'init_phase_3'====== Args={}
2019-09-24 19:14:05,203 : INFO : EventManager : Event: ======'machine_var_master_volume'====== Args={'value': 0.5, 'prev_value': None, 'change': True}
2019-09-24 19:14:05,204 : INFO : EventManager : Event: ======'init_phase_4'====== Args={}
2019-09-24 19:14:05,205 : INFO : EventManager : Event: ======'machine_var_audits_events_game_ended'====== Args={'value': 136, 'prev_value': None, 'change': True}
2019-09-24 19:14:05,205 : INFO : EventManager : Event: ======'machine_var_audits_events_game_started'====== Args={'value': 170, 'prev_value': None, 'change': True}
2019-09-24 19:14:05,205 : INFO : EventManager : Event: ======'machine_var_audits_player_score'====== Args={'value': {'average': 186.70270270270268, 'top': [828, 726, 724, 722, 706, 614, 516, 513, 504, 499], 'total': 148}, 'prev_value': None, 'change': True}
2019-09-24 19:14:05,205 : INFO : EventManager : Event: ======'machine_var_audits_switches_s_drain'====== Args={'value': 1369, 'prev_value': None, 'change': True}
2019-09-24 19:14:05,206 : INFO : EventManager : Event: ======'machine_var_audits_switches_s_drop_center'====== Args={'value': 314, 'prev_value': None, 'change': True}
2019-09-24 19:14:05,206 : INFO : EventManager : Event: ======'machine_var_audits_switches_s_drop_left'====== Args={'value': 292, 'prev_value': None, 'change': True}
2019-09-24 19:14:05,206 : INFO : EventManager : Event: ======'machine_var_audits_switches_s_drop_right'====== Args={'value': 262, 'prev_value': None, 'change': True}
2019-09-24 19:14:05,206 : INFO : EventManager : Event: ======'machine_var_audits_switches_s_flipper_left'====== Args={'value': 4000, 'prev_value': None, 'change': True}
2019-09-24 19:14:05,206 : INFO : EventManager : Event: ======'machine_var_audits_switches_s_flipper_right'====== Args={'value': 5737, 'prev_value': None, 'change': True}
2019-09-24 19:14:05,206 : INFO : EventManager : Event: ======'machine_var_audits_switches_s_gym'====== Args={'value': 154, 'prev_value': None, 'change': True}
2019-09-24 19:14:05,207 : INFO : EventManager : Event: ======'machine_var_audits_switches_s_plunger_lane'====== Args={'value': 81, 'prev_value': None, 'change': True}
2019-09-24 19:14:05,207 : INFO : EventManager : Event: ======'machine_var_audits_switches_s_pop_bottom'====== Args={'value': 1170, 'prev_value': None, 'change': True}
2019-09-24 19:14:05,207 : INFO : EventManager : Event: ======'machine_var_audits_switches_s_pop_left'====== Args={'value': 10, 'prev_value': None, 'change': True}
2019-09-24 19:14:05,207 : INFO : EventManager : Event: ======'machine_var_audits_switches_s_pop_right'====== Args={'value': 954, 'prev_value': None, 'change': True}
2019-09-24 19:14:05,207 : INFO : EventManager : Event: ======'machine_var_audits_switches_s_pop_top'====== Args={'value': 415, 'prev_value': None, 'change': True}
2019-09-24 19:14:05,207 : INFO : EventManager : Event: ======'machine_var_audits_switches_s_saucer'====== Args={'value': 624, 'prev_value': None, 'change': True}
2019-09-24 19:14:05,208 : INFO : EventManager : Event: ======'machine_var_audits_switches_s_sling_left'====== Args={'value': 573, 'prev_value': None, 'change': True}
2019-09-24 19:14:05,208 : INFO : EventManager : Event: ======'machine_var_audits_switches_s_sling_right'====== Args={'value': 757, 'prev_value': None, 'change': True}
2019-09-24 19:14:05,208 : INFO : EventManager : Event: ======'machine_var_audits_switches_s_spinner'====== Args={'value': 3068, 'prev_value': None, 'change': True}
2019-09-24 19:14:05,208 : INFO : EventManager : Event: ======'machine_var_audits_switches_s_start'====== Args={'value': 31, 'prev_value': None, 'change': True}
2019-09-24 19:14:05,208 : INFO : EventManager : Event: ======'machine_var_audits_switches_s_trough'====== Args={'value': 833, 'prev_value': None, 'change': True}
2019-09-24 19:14:05,209 : INFO : EventManager : Event: ======'init_phase_5'====== Args={}
2019-09-24 19:14:05,209 : INFO : EventManager : Event: ======'init_done'====== Args={}
2019-09-24 19:14:05,210 : INFO : EventManager : Event: ======'machine_reset_phase_1'====== Args={}
2019-09-24 19:14:05,213 : INFO : EventManager : Event: ======'slide_welcome_slide_removed'====== Args={'_from_bcp': True}
2019-09-24 19:14:05,215 : INFO : EventManager : Event: ======'slide_welcome_slide_created'====== Args={'_from_bcp': True}
2019-09-24 19:14:05,216 : INFO : EventManager : Event: ======'machine_reset_phase_2'====== Args={}
2019-09-24 19:14:05,216 : INFO : EventManager : Event: ======'machine_reset_phase_3'====== Args={}
2019-09-24 19:14:05,216 : INFO : drop_target_bank.right_bank : All targets are already up. Will not reset bank.
2019-09-24 19:14:05,216 : INFO : EventManager : Event: ======'reset_complete'====== Args={}
2019-09-24 19:14:05,217 : INFO : EventManager : Event: ======'mode_attract_will_start'====== Args={}
2019-09-24 19:14:05,217 : INFO : EventManager : Event: ======'mode_attract_starting'====== Args={}
2019-09-24 19:14:05,217 : INFO : Mode.attract : Started. Priority: 10
2019-09-24 19:14:05,217 : INFO : EventManager : Event: ======'mode_attract_started'====== Args={}
2019-09-24 19:14:05,218 : INFO : EventManager : Event: ======'collecting_balls_complete'====== Args={}
2019-09-24 19:14:05,218 : INFO : EventManager : Event: ======'slide_welcome_slide_active'====== Args={'_from_bcp': True}
2019-09-24 19:14:05,218 : INFO : Machine : Starting the main run loop.
2019-09-24 19:14:05,234 : INFO : EventManager : Event: ======'slide_attract_started_created'====== Args={'_from_bcp': True}
2019-09-24 19:14:05,235 : INFO : EventManager : Event: ======'slide_attract_started_active'====== Args={'_from_bcp': True}
2019-09-24 19:14:06,676 : INFO : BcpServer : New client connected.
2019-09-24 19:14:08,054 : INFO : SwitchController : <<<<<<< 's_start' active >>>>>>>
2019-09-24 19:14:08,153 : INFO : SwitchController : <<<<<<< 's_start' inactive >>>>>>>
2019-09-24 19:14:08,153 : INFO : EventManager : Event: ======'request_to_start_game'====== Args={}
2019-09-24 19:14:08,156 : INFO : EventManager : Event: ======'game_start'====== Args={'buttons': [], 'hold_time': 0.0930000000007567}
2019-09-24 19:14:08,156 : INFO : EventManager : Event: ======'mode_game_will_start'====== Args={'buttons': [], 'hold_time': 0.0930000000007567}
2019-09-24 19:14:08,157 : INFO : EventManager : Event: ======'mode_game_starting'====== Args={'buttons': [], 'hold_time': 0.0930000000007567}
2019-09-24 19:14:08,157 : INFO : EventManager : Event: ======'mode_attract_will_stop'====== Args={}
2019-09-24 19:14:08,157 : INFO : EventManager : Event: ======'mode_attract_stopping'====== Args={}
2019-09-24 19:14:08,158 : INFO : Mode.attract : Stopped.
2019-09-24 19:14:08,158 : INFO : EventManager : Event: ======'mode_attract_stopped'====== Args={}
2019-09-24 19:14:08,158 : INFO : EventManager : Event: ======'clear'====== Args={'key': 'attract'}
2019-09-24 19:14:08,158 : INFO : Mode.game : Started. Priority: 20
2019-09-24 19:14:08,158 : INFO : EventManager : Event: ======'mode_game_started'====== Args={'buttons': [], 'hold_time': 0.0930000000007567}
2019-09-24 19:14:08,159 : INFO : EventManager : Event: ======'game_will_start'====== Args={}
2019-09-24 19:14:08,159 : INFO : EventManager : Event: ======'game_starting'====== Args={'game': <Mode.game>}
2019-09-24 19:14:08,160 : INFO : EventManager : Event: ======'player_add_request'====== Args={}
2019-09-24 19:14:08,160 : INFO : EventManager : Event: ======'player_will_add'====== Args={'number': 1}
2019-09-24 19:14:08,160 : INFO : EventManager : Event: ======'player_adding'====== Args={'player': <Player 1>, 'number': 1}
2019-09-24 19:14:08,160 : INFO : EventManager : Event: ======'player_added'====== Args={'player': <Player 1>, 'num': 1}
2019-09-24 19:14:08,160 : INFO : Mode.game : Player added successfully. Total players: 1
2019-09-24 19:14:08,161 : INFO : EventManager : Event: ======'player_index'====== Args={'value': 0, 'prev_value': 0, 'change': 0, 'player_num': 1}
2019-09-24 19:14:08,161 : INFO : EventManager : Event: ======'player_number'====== Args={'value': 1, 'prev_value': 1, 'change': 0, 'player_num': 1}
2019-09-24 19:14:08,161 : INFO : EventManager : Event: ======'player_pichu_exp'====== Args={'value': 0, 'prev_value': 0, 'change': 0, 'player_num': 1}
2019-09-24 19:14:08,161 : INFO : EventManager : Event: ======'player_score'====== Args={'value': 0, 'prev_value': 0, 'change': 0, 'player_num': 1}
2019-09-24 19:14:08,162 : INFO : EventManager : Event: ======'game_started'====== Args={}
2019-09-24 19:14:08,163 : INFO : EventManager : Event: ======'player_turn_will_start'====== Args={'player': <Player 1>, 'number': 1}
2019-09-24 19:14:08,163 : INFO : EventManager : Event: ======'player_turn_starting'====== Args={'player': <Player 1>, 'number': 1}
2019-09-24 19:14:08,163 : INFO : EventManager : Event: ======'player_ball'====== Args={'value': 1, 'prev_value': 0, 'change': 1, 'player_num': 1}
2019-09-24 19:14:08,164 : INFO : EventManager : Event: ======'player_turn_started'====== Args={'player': <Player 1>, 'number': 1}
2019-09-24 19:14:08,167 : INFO : EventManager : Event: ======'ball_will_start'====== Args={'player': 1, 'ball': 1, 'balls_remaining': 2, 'is_extra_ball': False}
2019-09-24 19:14:08,167 : INFO : EventManager : Event: ======'ball_starting'====== Args={'player': 1, 'ball': 1, 'balls_remaining': 2, 'is_extra_ball': False}
2019-09-24 19:14:08,168 : INFO : EventManager : Event: ======'mode_base_will_start'====== Args={'queue': <QueuedEvent>, 'player': 1, 'ball': 1, 'balls_remaining': 2, 'is_extra_ball': False}
2019-09-24 19:14:08,168 : INFO : EventManager : Event: ======'mode_base_starting'====== Args={'queue': <QueuedEvent>, 'player': 1, 'ball': 1, 'balls_remaining': 2, 'is_extra_ball': False}
2019-09-24 19:14:08,169 : INFO : drop_target_bank.right_bank : All targets are already up. Will not reset bank.
2019-09-24 19:14:08,169 : INFO : Mode.base : Started. Priority: 31
2019-09-24 19:14:08,169 : INFO : EventManager : Event: ======'mode_base_started'====== Args={'queue': <QueuedEvent>, 'player': 1, 'ball': 1, 'balls_remaining': 2, 'is_extra_ball': False}
2019-09-24 19:14:08,169 : INFO : EventManager : Event: ======'start_mode_pichu'====== Args={'priority': 0}
2019-09-24 19:14:08,170 : INFO : EventManager : Event: ======'mode_pichu_will_start'====== Args={'priority': 0}
2019-09-24 19:14:08,170 : ERROR : asyncio : Exception in callback EventManager.process_event_queue()
handle: <Handle EventManager.process_event_queue()>
Traceback (most recent call last):
  File "J:\Python\lib\site-packages\mpf\core\events.py", line 657, in _run_handlers
    result = handler.callback(**merged_kwargs)
  File "J:\Python\lib\site-packages\mpf\core\mode.py", line 233, in start
    **item.kwargs))
  File "J:\Python\lib\site-packages\mpf\core\config_player.py", line 205, in mode_start
    event_keys = self.register_player_events(config, mode, priority)
  File "J:\Python\lib\site-packages\mpf\core\config_player.py", line 313, in register_player_events
    settings=settings))
  File "J:\Python\lib\site-packages\mpf\core\events.py", line 159, in add_handler
    event, condition = self.get_event_and_condition_from_string(event)
  File "J:\Python\lib\site-packages\mpf\core\events.py", line 80, in get_event_and_condition_from_string
    event_string[event_string.find("{") + 1:-1]))
  File "J:\Python\lib\site-packages\mpf\core\placeholder_manager.py", line 727, in build_bool_template
    return BoolTemplate(self._parse_template(template_str), template_str, self, default_value)
  File "J:\Python\lib\site-packages\mpf\core\placeholder_manager.py", line 594, in _parse_template
    return ast.parse(template_str, mode='eval').body
  File "J:\Python\lib\ast.py", line 35, in parse
    return compile(source, filename, mode, PyCF_ONLY_AST)
  File "<unknown>", line 1
    current_player.pichu_exp => 100
                             ^
SyntaxError: invalid syntax

The above exception was the direct cause of the following exception:

Traceback (most recent call last):
  File "J:\Python\lib\asyncio\events.py", line 145, in _run
    self._callback(*self._args)
  File "J:\Python\lib\site-packages\mpf\core\events.py", line 738, in process_event_queue
    **event[3])
  File "J:\Python\lib\site-packages\mpf\core\events.py", line 703, in _process_event
    result = self._run_handlers(event, ev_type, kwargs)
  File "J:\Python\lib\site-packages\mpf\core\events.py", line 659, in _run_handlers
    raise Exception("Exception while processing {} for event {}".format(handler, event)) from e
Exception: Exception while processing RegisteredHandler(callback=<bound method Mode.start of <Mode.pichu>>, priority=5003, kwargs={}, key=UUID('0359a5e6-94d3-431a-bf15-5b30ac34bfe5'), condition=None, blocking_facility=None) for event start_mode_pichu
2019-09-24 19:14:08,217 : INFO : EventManager : Event: ======'balls_in_play'====== Args={'balls': 1}
2019-09-24 19:14:08,217 : INFO : EventManager : Event: ======'ball_started'====== Args={'player': 1, 'ball': 1, 'balls_remaining': 2, 'is_extra_ball': False}
2019-09-24 19:14:08,219 : INFO : Machine : Shutting down...
2019-09-24 19:14:08,219 : INFO : EventManager : Event: ======'shutdown'====== Args={}
2019-09-24 19:14:08,228 : INFO : EventManager : Event: ======'single_player_ball_started'====== Args={}
2019-09-24 19:14:08,228 : INFO : EventManager : Event: ======'balldevice_balls_available'====== Args={}
2019-09-24 19:14:08,232 : ERROR : root : Exception while processing RegisteredHandler(callback=<bound method Mode.start of <Mode.pichu>>, priority=5003, kwargs={}, key=UUID('0359a5e6-94d3-431a-bf15-5b30ac34bfe5'), condition=None, blocking_facility=None) for event start_mode_pichu
Traceback (most recent call last):
  File "J:\Python\lib\site-packages\mpf\core\events.py", line 657, in _run_handlers
    result = handler.callback(**merged_kwargs)
  File "J:\Python\lib\site-packages\mpf\core\mode.py", line 233, in start
    **item.kwargs))
  File "J:\Python\lib\site-packages\mpf\core\config_player.py", line 205, in mode_start
    event_keys = self.register_player_events(config, mode, priority)
  File "J:\Python\lib\site-packages\mpf\core\config_player.py", line 313, in register_player_events
    settings=settings))
  File "J:\Python\lib\site-packages\mpf\core\events.py", line 159, in add_handler
    event, condition = self.get_event_and_condition_from_string(event)
  File "J:\Python\lib\site-packages\mpf\core\events.py", line 80, in get_event_and_condition_from_string
    event_string[event_string.find("{") + 1:-1]))
  File "J:\Python\lib\site-packages\mpf\core\placeholder_manager.py", line 727, in build_bool_template
    return BoolTemplate(self._parse_template(template_str), template_str, self, default_value)
  File "J:\Python\lib\site-packages\mpf\core\placeholder_manager.py", line 594, in _parse_template
    return ast.parse(template_str, mode='eval').body
  File "J:\Python\lib\ast.py", line 35, in parse
    return compile(source, filename, mode, PyCF_ONLY_AST)
  File "<unknown>", line 1
    current_player.pichu_exp => 100
                             ^
SyntaxError: invalid syntax

The above exception was the direct cause of the following exception:

Traceback (most recent call last):
  File "J:\Python\lib\site-packages\mpf\commands\game.py", line 220, in __init__
    MachineController(mpf_path, machine_path, vars(self.args)).run()
  File "J:\Python\lib\site-packages\mpf\core\machine.py", line 709, in run
    self._run_loop()
  File "J:\Python\lib\site-packages\mpf\core\machine.py", line 769, in _run_loop
    raise self._exception['exception']
  File "J:\Python\lib\asyncio\events.py", line 145, in _run
    self._callback(*self._args)
  File "J:\Python\lib\site-packages\mpf\core\events.py", line 738, in process_event_queue
    **event[3])
  File "J:\Python\lib\site-packages\mpf\core\events.py", line 703, in _process_event
    result = self._run_handlers(event, ev_type, kwargs)
  File "J:\Python\lib\site-packages\mpf\core\events.py", line 659, in _run_handlers
    raise Exception("Exception while processing {} for event {}".format(handler, event)) from e
Exception: Exception while processing RegisteredHandler(callback=<bound method Mode.start of <Mode.pichu>>, priority=5003, kwargs={}, key=UUID('0359a5e6-94d3-431a-bf15-5b30ac34bfe5'), condition=None, blocking_facility=None) for event start_mode_pichu
