2020-05-02 16:08:57,183 : INFO : Machine : Mission Pinball Framework Core Engine v0.53.3
2020-05-02 16:08:57,184 : INFO : Machine : Command line arguments: {'no_load_cache': False, 'create_config_cache': True, 'bcp': True, 'configfile': ['config.yaml'], 'mpfconfigfile': 'c:\\users\\almac\\appdata\\local\\programs\\python\\python36\\lib\\site-packages\\mpf\\mpfconfig.yaml', 'force_assets_load': False, 'jsonlogging': False, 'logfile': 'logs\\2020-05-02-16-08-56-mpf-DESKTOP-G75O39F.log', 'pause': False, 'production': False, 'text_ui': True, 'loglevel': 15, 'consoleloglevel': 20, 'force_platform': 'virtual', 'syslog_address': None, 'mc_file_name': None, 'no_sound': False}
2020-05-02 16:08:57,184 : INFO : Machine : MPF path: c:\users\almac\appdata\local\programs\python\python36\lib\site-packages\mpf
2020-05-02 16:08:57,184 : INFO : Machine : Machine path: E:\POKEMON - 4 - ATTRACT AND HIGH SCORE DISPLAYS
2020-05-02 16:08:57,184 : INFO : Machine : Platform: win32
2020-05-02 16:08:57,184 : INFO : Machine : Python executable location: c:\users\almac\appdata\local\programs\python\python36\python.exe
2020-05-02 16:08:57,184 : INFO : Machine : Python version: 3.6.4 (64-bit)
2020-05-02 16:08:57,184 : INFO : Machine : Machine config file #1: config.yaml
2020-05-02 16:08:57,197 : INFO : ConfigProcessor : Loading config from cache: C:\Users\almac\AppData\Local\Temp\17efbceb844bb805dffe6c87f22744fb.mpf_cache
2020-05-02 16:08:57,211 : INFO : Machine : Initialise MPF.
2020-05-02 16:08:57,727 : INFO : EventManager : Event: ======'machine_var_credits_string'====== Args={'value': 'FREE PLAY', 'prev_value': None, 'change': True}
2020-05-02 16:08:57,780 : INFO : EventManager : Event: ======'machine_var_player1_score'====== Args={'value': 107, 'prev_value': None, 'change': True}
2020-05-02 16:08:57,781 : INFO : EventManager : Event: ======'machine_var_mpf_version'====== Args={'value': 'MPF v0.53.3', 'prev_value': None, 'change': True}
2020-05-02 16:08:57,781 : INFO : EventManager : Event: ======'machine_var_mpf_extended_version'====== Args={'value': 'MPF v0.53.3, Config version:5, Show version: 5, BCP version:1.1', 'prev_value': None, 'change': True}
2020-05-02 16:08:57,781 : INFO : EventManager : Event: ======'machine_var_python_version'====== Args={'value': '3.6.4', 'prev_value': None, 'change': True}
2020-05-02 16:08:57,781 : INFO : EventManager : Event: ======'machine_var_platform'====== Args={'value': 'Windows-10-10.0.18362-SP0', 'prev_value': None, 'change': True}
2020-05-02 16:08:57,781 : INFO : EventManager : Event: ======'machine_var_platform_system'====== Args={'value': 'Windows', 'prev_value': None, 'change': True}
2020-05-02 16:08:57,781 : INFO : EventManager : Event: ======'machine_var_platform_release'====== Args={'value': '10', 'prev_value': None, 'change': True}
2020-05-02 16:08:57,781 : INFO : EventManager : Event: ======'machine_var_platform_version'====== Args={'value': '10.0.18362', 'prev_value': None, 'change': True}
2020-05-02 16:08:57,781 : INFO : EventManager : Event: ======'machine_var_platform_machine'====== Args={'value': 'AMD64', 'prev_value': None, 'change': True}
2020-05-02 16:08:57,781 : INFO : EventManager : Event: ======'init_phase_1'====== Args={}
2020-05-02 16:08:57,821 : INFO : ConfigProcessor : Loading config from cache: C:\Users\almac\AppData\Local\Temp\0c61b9df659d8368945fe529f085132e.mpf_cache
2020-05-02 16:08:57,828 : INFO : ConfigProcessor : Loading config from cache: C:\Users\almac\AppData\Local\Temp\d6bb1cdfa60c1f50f35785cba55875d1.mpf_cache
2020-05-02 16:08:57,830 : INFO : ConfigProcessor : Loading config from cache: C:\Users\almac\AppData\Local\Temp\4ea733655e2f71aef4d6f646b7999fe0.mpf_cache
2020-05-02 16:08:57,832 : INFO : ConfigProcessor : Loading config from cache: C:\Users\almac\AppData\Local\Temp\5e23017ae2bff2a0239ff499da948ac3.mpf_cache
2020-05-02 16:08:57,834 : INFO : ConfigProcessor : Loading config from cache: C:\Users\almac\AppData\Local\Temp\32e6b619402cb4da5981e97ecb1f6408.mpf_cache
2020-05-02 16:08:57,836 : INFO : ConfigProcessor : Loading config from cache: C:\Users\almac\AppData\Local\Temp\5b0c10fb1ea3d696f3389c798402fbbd.mpf_cache
2020-05-02 16:08:57,838 : INFO : ConfigProcessor : Loading config from cache: C:\Users\almac\AppData\Local\Temp\c81a0f1062502e33bbed66b9eae15858.mpf_cache
2020-05-02 16:08:57,840 : INFO : ConfigProcessor : Loading config from cache: C:\Users\almac\AppData\Local\Temp\f9a13da868835514a4e555019188716d.mpf_cache
2020-05-02 16:08:57,842 : INFO : ConfigProcessor : Loading config from cache: C:\Users\almac\AppData\Local\Temp\3183d529c1c05723ae7f7f27f6d76374.mpf_cache
2020-05-02 16:08:57,844 : INFO : ConfigProcessor : Loading config from cache: C:\Users\almac\AppData\Local\Temp\b51fa6c1189029eac07bf57001e3c2a0.mpf_cache
2020-05-02 16:08:57,850 : WARNING : ConfigProcessor : Config file in cache changed: E:\POKEMON - 4 - ATTRACT AND HIGH SCORE DISPLAYS\modes\attract\config\attract.yaml
2020-05-02 16:08:57,850 : INFO : ConfigProcessor : Loading config from file c:\users\almac\appdata\local\programs\python\python36\lib\site-packages\mpf\modes\attract\config\attract.yaml.
2020-05-02 16:08:57,857 : INFO : ConfigProcessor : Loading config: c:\users\almac\appdata\local\programs\python\python36\lib\site-packages\mpf\modes\attract\config\attract.yaml
2020-05-02 16:08:57,857 : INFO : ConfigProcessor : Loading config from file E:\POKEMON - 4 - ATTRACT AND HIGH SCORE DISPLAYS\modes\attract\config\attract.yaml.
2020-05-02 16:08:57,859 : INFO : ConfigProcessor : Loading config: E:\POKEMON - 4 - ATTRACT AND HIGH SCORE DISPLAYS\modes\attract\config\attract.yaml
2020-05-02 16:08:57,860 : INFO : ConfigProcessor : Config file cache created: C:\Users\almac\AppData\Local\Temp\0e7d1a1c3907f6958e06eb127bcf3b99.mpf_cache
2020-05-02 16:08:57,865 : INFO : ConfigProcessor : Loading config from cache: C:\Users\almac\AppData\Local\Temp\0db36da4b9aa41dcdeae696ef4ec8d87.mpf_cache
2020-05-02 16:08:57,867 : INFO : ConfigProcessor : Loading config from cache: C:\Users\almac\AppData\Local\Temp\1a49828cb8454c90fd195e3886327b9d.mpf_cache
2020-05-02 16:08:57,869 : INFO : ConfigProcessor : Loading config from cache: C:\Users\almac\AppData\Local\Temp\5a22bfd3cd388f17bd2b6acbd36605ae.mpf_cache
2020-05-02 16:08:57,871 : INFO : ConfigProcessor : Loading config from cache: C:\Users\almac\AppData\Local\Temp\b9fac23b74e0b513c055e4621b74ad7e.mpf_cache
2020-05-02 16:08:57,873 : INFO : ConfigProcessor : Loading config from cache: C:\Users\almac\AppData\Local\Temp\201769dfbc23cf51d44452c1bfe1f92e.mpf_cache
2020-05-02 16:08:57,875 : INFO : ConfigProcessor : Loading config from cache: C:\Users\almac\AppData\Local\Temp\ead1ab3e53925d446b3cb0becf429113.mpf_cache
2020-05-02 16:08:57,877 : INFO : ConfigProcessor : Loading config from cache: C:\Users\almac\AppData\Local\Temp\2476b3e7b98dcc7e56449320299b63be.mpf_cache
2020-05-02 16:08:57,879 : INFO : ConfigProcessor : Loading config from cache: C:\Users\almac\AppData\Local\Temp\6dbb84b4a2bd3a6642f95ce5744c7797.mpf_cache
2020-05-02 16:08:57,881 : INFO : ConfigProcessor : Loading config from cache: C:\Users\almac\AppData\Local\Temp\6a2515e5578170ee7c481918e8ad2f89.mpf_cache
2020-05-02 16:08:57,886 : INFO : ConfigProcessor : Loading config from cache: C:\Users\almac\AppData\Local\Temp\5e332dad5466fb4d353f60c87864de4c.mpf_cache
2020-05-02 16:08:57,888 : INFO : ConfigProcessor : Loading config from cache: C:\Users\almac\AppData\Local\Temp\5903aae11c08aba35176e5c1f4c1be59.mpf_cache
2020-05-02 16:08:57,890 : INFO : ConfigProcessor : Loading config from cache: C:\Users\almac\AppData\Local\Temp\e316602f2754df2a40ebb1b620c83c27.mpf_cache
2020-05-02 16:08:57,892 : INFO : ConfigProcessor : Loading config from cache: C:\Users\almac\AppData\Local\Temp\dd4913724ea8e05b50af346c964d02e0.mpf_cache
2020-05-02 16:08:57,894 : INFO : ConfigProcessor : Loading config from cache: C:\Users\almac\AppData\Local\Temp\47fed2ef5afbaf0c19527a565aa191d9.mpf_cache
2020-05-02 16:08:57,896 : INFO : ConfigProcessor : Loading config from cache: C:\Users\almac\AppData\Local\Temp\0378f93b62c546ad0a14fc16b8462c41.mpf_cache
2020-05-02 16:08:57,898 : INFO : ConfigProcessor : Loading config from cache: C:\Users\almac\AppData\Local\Temp\8e537f3f1075ad5ff3f7e8ba8228812c.mpf_cache
2020-05-02 16:08:57,912 : INFO : EventManager : Event: ======'drop_target_bank_right_bank_up'====== Args={}
2020-05-02 16:08:57,913 : INFO : EventManager : Event: ======'init_phase_2'====== Args={}
2020-05-02 16:08:57,920 : INFO : EventManager : Event: ======'machine_var_score1_label'====== Args={'value': 'GRAND CHAMPION', 'prev_value': None, 'change': True}
2020-05-02 16:08:57,920 : INFO : EventManager : Event: ======'machine_var_score1_name'====== Args={'value': 'MPF', 'prev_value': None, 'change': True}
2020-05-02 16:08:57,920 : INFO : EventManager : Event: ======'machine_var_score1_value'====== Args={'value': 1000000, 'prev_value': None, 'change': True}
2020-05-02 16:08:57,920 : INFO : EventManager : Event: ======'machine_var_score2_label'====== Args={'value': 'HIGH SCORE 1', 'prev_value': None, 'change': True}
2020-05-02 16:08:57,920 : INFO : EventManager : Event: ======'machine_var_score2_name'====== Args={'value': 'BRI', 'prev_value': None, 'change': True}
2020-05-02 16:08:57,920 : INFO : EventManager : Event: ======'machine_var_score2_value'====== Args={'value': 900000, 'prev_value': None, 'change': True}
2020-05-02 16:08:57,920 : INFO : EventManager : Event: ======'machine_var_score3_label'====== Args={'value': 'HIGH SCORE 2', 'prev_value': None, 'change': True}
2020-05-02 16:08:57,921 : INFO : EventManager : Event: ======'machine_var_score3_name'====== Args={'value': 'JAN', 'prev_value': None, 'change': True}
2020-05-02 16:08:57,921 : INFO : EventManager : Event: ======'machine_var_score3_value'====== Args={'value': 800000, 'prev_value': None, 'change': True}
2020-05-02 16:08:57,921 : INFO : EventManager : Event: ======'machine_var_score4_label'====== Args={'value': 'HIGH SCORE 3', 'prev_value': None, 'change': True}
2020-05-02 16:08:57,921 : INFO : EventManager : Event: ======'machine_var_score4_name'====== Args={'value': 'QUI', 'prev_value': None, 'change': True}
2020-05-02 16:08:57,921 : INFO : EventManager : Event: ======'machine_var_score4_value'====== Args={'value': 700000, 'prev_value': None, 'change': True}
2020-05-02 16:08:57,921 : INFO : EventManager : Event: ======'machine_var_score5_label'====== Args={'value': 'HIGH SCORE 4', 'prev_value': None, 'change': True}
2020-05-02 16:08:57,921 : INFO : EventManager : Event: ======'machine_var_score5_name'====== Args={'value': 'MAR', 'prev_value': None, 'change': True}
2020-05-02 16:08:57,921 : INFO : EventManager : Event: ======'machine_var_score5_value'====== Args={'value': 600000, 'prev_value': None, 'change': True}
2020-05-02 16:08:57,922 : INFO : EventManager : Event: ======'machine_var_score6_label'====== Args={'value': 'HIGH SCORE 5', 'prev_value': None, 'change': True}
2020-05-02 16:08:57,922 : INFO : EventManager : Event: ======'machine_var_score6_name'====== Args={'value': 'JOH', 'prev_value': None, 'change': True}
2020-05-02 16:08:57,922 : INFO : EventManager : Event: ======'machine_var_score6_value'====== Args={'value': 500000, 'prev_value': None, 'change': True}
2020-05-02 16:08:57,922 : INFO : EventManager : Event: ======'machine_var_score7_label'====== Args={'value': 'HIGH SCORE 6', 'prev_value': None, 'change': True}
2020-05-02 16:08:57,922 : INFO : EventManager : Event: ======'machine_var_score7_name'====== Args={'value': 'ELI', 'prev_value': None, 'change': True}
2020-05-02 16:08:57,922 : INFO : EventManager : Event: ======'machine_var_score7_value'====== Args={'value': 400000, 'prev_value': None, 'change': True}
2020-05-02 16:08:57,922 : INFO : EventManager : Event: ======'machine_var_score8_label'====== Args={'value': 'HIGH SCORE 7', 'prev_value': None, 'change': True}
2020-05-02 16:08:57,923 : INFO : EventManager : Event: ======'machine_var_score8_name'====== Args={'value': 'MIK', 'prev_value': None, 'change': True}
2020-05-02 16:08:57,923 : INFO : EventManager : Event: ======'machine_var_score8_value'====== Args={'value': 300000, 'prev_value': None, 'change': True}
2020-05-02 16:08:57,923 : INFO : EventManager : Event: ======'machine_var_score9_label'====== Args={'value': 'HIGH SCORE 8', 'prev_value': None, 'change': True}
2020-05-02 16:08:57,923 : INFO : EventManager : Event: ======'machine_var_score9_name'====== Args={'value': 'ANT', 'prev_value': None, 'change': True}
2020-05-02 16:08:57,923 : INFO : EventManager : Event: ======'machine_var_score9_value'====== Args={'value': 200000, 'prev_value': None, 'change': True}
2020-05-02 16:08:57,924 : INFO : EventManager : Event: ======'machine_var_loops1_label'====== Args={'value': 'LOOP CHAMP', 'prev_value': None, 'change': True}
2020-05-02 16:08:57,924 : INFO : EventManager : Event: ======'machine_var_loops1_name'====== Args={'value': 'JAN', 'prev_value': None, 'change': True}
2020-05-02 16:08:57,924 : INFO : EventManager : Event: ======'machine_var_loops1_value'====== Args={'value': 42, 'prev_value': None, 'change': True}
2020-05-02 16:08:57,932 : INFO : EventManager : Event: ======'bcp_connection_attempt'====== Args={'name': 'local_display', 'host': 'localhost', 'port': 5050}
2020-05-02 16:08:57,934 : INFO : BCPClientSocket : Connecting BCP to 'local_display' at localhost:5050...
2020-05-02 16:08:59,994 : INFO : BCPClientSocket : Connected BCP to 'local_display' localhost:5050
2020-05-02 16:08:59,995 : INFO : EventManager : Event: ======'bcp_clients_connected'====== Args={}
2020-05-02 16:09:00,019 : INFO : Machine : Starting the main run loop.
2020-05-02 16:09:00,019 : INFO : Machine : Shutting down...
2020-05-02 16:09:00,020 : INFO : EventManager : Event: ======'shutdown'====== Args={}
2020-05-02 16:09:00,042 : INFO : EventManager : Event: ======'init_phase_3'====== Args={}
2020-05-02 16:09:00,043 : INFO : AssetManager : Registering Asset: attract_display_loop, File: attract_display_loop.yaml, Default Group: default, Final Config: {'load': 'preload', 'file': 'E:\\POKEMON - 4 - ATTRACT AND HIGH SCORE DISPLAYS\\modes\\attract\\shows\\attract_display_loop.yaml'}
2020-05-02 16:09:00,046 : INFO : ConfigProcessor : Loading config from cache: C:\Users\almac\AppData\Local\Temp\d2bbc2763fdb0e04ad982e7541bb2cc5.mpf_cache
2020-05-02 16:09:00,050 : INFO : EventManager : Event: ======'loading_assets'====== Args={'total': 1, 'loaded': 1, 'remaining': 0, 'percent': 100}
2020-05-02 16:09:00,050 : INFO : AssetManager : Asset loading took: 2.362396001815796
2020-05-02 16:09:00,050 : INFO : EventManager : Event: ======'asset_loading_complete'====== Args={}
2020-05-02 16:09:00,050 : INFO : AssetManager : Loading assets: 1/1 (100%)
2020-05-02 16:09:00,050 : ERROR : asyncio : Exception in callback EventManager._done(<Task finishe... not found',)>)
handle: <Handle EventManager._done(<Task finishe... not found',)>)>
Traceback (most recent call last):
  File "c:\users\almac\appdata\local\programs\python\python36\lib\asyncio\events.py", line 145, in _run
    self._callback(*self._args)
  File "c:\users\almac\appdata\local\programs\python\python36\lib\site-packages\mpf\core\events.py", line 698, in _done
    future.result()
  File "c:\users\almac\appdata\local\programs\python\python36\lib\site-packages\mpf\core\events.py", line 615, in _run_handlers_sequential
    handler.callback(queue=queue, **merged_kwargs)
  File "c:\users\almac\appdata\local\programs\python\python36\lib\site-packages\mpf\core\config_player.py", line 86, in _initialise_system_wide
    self.machine.config[self.config_file_section])
  File "c:\users\almac\appdata\local\programs\python\python36\lib\site-packages\mpf\config_players\plugin_player.py", line 57, in register_player_events
    self.bcp_client = self._get_bcp_client(config)
  File "c:\users\almac\appdata\local\programs\python\python36\lib\site-packages\mpf\config_players\plugin_player.py", line 34, in _get_bcp_client
    "bcp connection {} not found".format(client_name))
AssertionError: bcp connection local_display not found
2020-05-02 16:09:00,083 : ERROR : asyncio : Exception in callback EventManager.process_event_queue()
handle: <Handle EventManager.process_event_queue()>
Traceback (most recent call last):
  File "c:\users\almac\appdata\local\programs\python\python36\lib\site-packages\mpf\core\events.py", line 665, in _run_handlers
    result = handler.callback(**merged_kwargs)
  File "c:\users\almac\appdata\local\programs\python\python36\lib\site-packages\mpf\core\text_ui.py", line 449, in _asset_load_change
    self._asset_percent = PopUpDialog(self.screen, 'LOADING ASSETS: {}%'.format(percent), [])
  File "C:\Users\almac\AppData\Roaming\Python\Python36\site-packages\asciimatics\widgets.py", line 3104, in __init__
    string_len = wcswidth if screen.unicode_aware else len
AttributeError: 'NoneType' object has no attribute 'unicode_aware'

The above exception was the direct cause of the following exception:

Traceback (most recent call last):
  File "c:\users\almac\appdata\local\programs\python\python36\lib\asyncio\events.py", line 145, in _run
    self._callback(*self._args)
  File "c:\users\almac\appdata\local\programs\python\python36\lib\site-packages\mpf\core\events.py", line 752, in process_event_queue
    **event[3])
  File "c:\users\almac\appdata\local\programs\python\python36\lib\site-packages\mpf\core\events.py", line 711, in _process_event
    result = self._run_handlers(event, ev_type, kwargs)
  File "c:\users\almac\appdata\local\programs\python\python36\lib\site-packages\mpf\core\events.py", line 667, in _run_handlers
    raise Exception("Exception while processing {} for event {}".format(handler, event)) from e
Exception: Exception while processing RegisteredHandler(callback=<bound method TextUi._asset_load_change of <mpf.core.text_ui.TextUi object at 0x00000215C196EE28>>, priority=1, kwargs={}, key=UUID('959e3de4-f3c3-45f9-afa2-b7db3836b2bf'), condition=None, blocking_facility=None) for event loading_assets
2020-05-02 16:09:00,110 : INFO : root : MPF run loop ended.
