2020-04-25 15:59:18,529 : kivy : Factory: 184 symbols loaded
2020-04-25 15:59:18,669 : kivy : Image: Providers: img_tex, img_dds, img_sdl2, img_pil, img_gif (img_ffpyplayer ignored)
2020-04-25 15:59:18,733 : kivy : VideoGstplayer: Using Gstreamer 1.16.0.0
2020-04-25 15:59:18,733 : kivy : Video: Provider: gstplayer
2020-04-25 15:59:18,815 : kivy : Loading MPF-MC controller
2020-04-25 15:59:18,816 : mpfmc : Mission Pinball Framework Media Controller v0.53.3
2020-04-25 15:59:18,816 : mpfmc : Mission Pinball Framework Game Engine v0.53.3
2020-04-25 15:59:18,816 : mpfmc : Machine path: E:\POKEMON - 4 - ATTRACT AND HIGH SCORE DISPLAYS
2020-04-25 15:59:18,818 : ConfigProcessor : Config file in cache changed: E:\POKEMON - 4 - ATTRACT AND HIGH SCORE DISPLAYS\config\config
2020-04-25 15:59:18,818 : ConfigProcessor : Loading config from file c:\users\almac\appdata\local\programs\python\python36\lib\site-packages\mpfmc\mcconfig.yaml.
2020-04-25 15:59:18,870 : ConfigProcessor : Loading config: c:\users\almac\appdata\local\programs\python\python36\lib\site-packages\mpfmc\mcconfig.yaml
2020-04-25 15:59:18,880 : ConfigProcessor : Loading config from file E:\POKEMON - 4 - ATTRACT AND HIGH SCORE DISPLAYS\config\config.
2020-04-25 15:59:18,938 : ConfigProcessor : Loading config: E:\POKEMON - 4 - ATTRACT AND HIGH SCORE DISPLAYS\config\config
2020-04-25 15:59:18,945 : ConfigProcessor : Loading config: E:\POKEMON - 4 - ATTRACT AND HIGH SCORE DISPLAYS\config\player_variables.yaml
2020-04-25 15:59:18,950 : ConfigProcessor : Loading config: E:\POKEMON - 4 - ATTRACT AND HIGH SCORE DISPLAYS\config\key_mapping.yaml
2020-04-25 15:59:18,953 : ConfigProcessor : Config file cache created: C:\Users\almac\AppData\Local\Temp\c7b7ab19e78ecc520344b1352e3b06b9.mpf_cache
2020-04-25 15:59:18,953 : mpfmc : Starting clock at 60.0Hz
2020-04-25 15:59:18,969 : kivy : Text: Provider: sdl2
2020-04-25 15:59:19,014 : kivy : Window: Provider: sdl2
2020-04-25 15:59:19,845 : kivy : GL: Using the "OpenGL" graphics system
2020-04-25 15:59:19,846 : kivy : GL: GLEW initialization succeeded
2020-04-25 15:59:19,847 : kivy : GL: Backend used <glew>
2020-04-25 15:59:19,847 : kivy : GL: OpenGL version <b'4.5.0 NVIDIA 377.83'>
2020-04-25 15:59:19,847 : kivy : GL: OpenGL vendor <b'NVIDIA Corporation'>
2020-04-25 15:59:19,847 : kivy : GL: OpenGL renderer <b'Quadro 2000/PCIe/SSE2'>
2020-04-25 15:59:19,847 : kivy : GL: OpenGL parsed version: 4, 5
2020-04-25 15:59:19,847 : kivy : GL: Shading version <b'4.50 NVIDIA'>
2020-04-25 15:59:19,847 : kivy : GL: Texture max size <16384>
2020-04-25 15:59:19,847 : kivy : GL: Texture max units <32>
2020-04-25 15:59:19,864 : kivy : Window: auto add sdl2 input provider
2020-04-25 15:59:19,864 : kivy : Window: virtual keyboard not allowed, single mode, not docked
2020-04-25 15:59:19,874 : SoundSystem : SoundSystem: Using default 'sound_system' settings
2020-04-25 15:59:20,126 : AudioInterface : Initialized
2020-04-25 15:59:20,126 : SoundSystem : No audio tracks are specified in your machine config file. a track named 'default' has been created.
2020-04-25 15:59:20,128 : kivy : Base: Start application main loop
2020-04-25 15:59:20,129 : EventManager : Event: ======'display_window_initialized'====== Args={}
2020-04-25 15:59:20,129 : EventManager : Event: ======'display_top_initialized'====== Args={}
2020-04-25 15:59:20,130 : EventManager : Event: ======'display_middle_initialized'====== Args={}
2020-04-25 15:59:20,130 : EventManager : Event: ======'display_bottom_initialized'====== Args={}
2020-04-25 15:59:20,159 : mpfmc : Display: Setting 'window' as default display
2020-04-25 15:59:20,166 : EventManager : Event: ======'displays_initialized'====== Args={}
2020-04-25 15:59:20,167 : EventManager : Event: ======'slide_window_blank_created'====== Args={}
2020-04-25 15:59:20,167 : EventManager : Event: ======'display_window_ready'====== Args={}
2020-04-25 15:59:20,167 : EventManager : Event: ======'slide_top_blank_created'====== Args={}
2020-04-25 15:59:20,168 : EventManager : Event: ======'display_top_ready'====== Args={}
2020-04-25 15:59:20,168 : EventManager : Event: ======'slide_middle_blank_created'====== Args={}
2020-04-25 15:59:20,168 : EventManager : Event: ======'display_middle_ready'====== Args={}
2020-04-25 15:59:20,169 : EventManager : Event: ======'slide_bottom_blank_created'====== Args={}
2020-04-25 15:59:20,169 : EventManager : Event: ======'display_bottom_ready'====== Args={}
2020-04-25 15:59:20,180 : EventManager : Event: ======'init_phase_1'====== Args={}
2020-04-25 15:59:20,184 : EventManager : Event: ======'mc_ready'====== Args={}
2020-04-25 15:59:20,184 : EventManager : Event: ======'init_phase_2'====== Args={}
2020-04-25 15:59:20,186 : ConfigProcessor : Loading config from cache: C:\Users\almac\AppData\Local\Temp\5b0c10fb1ea3d696f3389c798402fbbd.mpf_cache
2020-04-25 15:59:20,187 : ConfigProcessor : Loading config from cache: C:\Users\almac\AppData\Local\Temp\2476b3e7b98dcc7e56449320299b63be.mpf_cache
2020-04-25 15:59:20,187 : ConfigProcessor : Loading config from cache: C:\Users\almac\AppData\Local\Temp\1a49828cb8454c90fd195e3886327b9d.mpf_cache
2020-04-25 15:59:20,188 : ConfigProcessor : Loading config from cache: C:\Users\almac\AppData\Local\Temp\ead1ab3e53925d446b3cb0becf429113.mpf_cache
2020-04-25 15:59:20,189 : ConfigProcessor : Loading config from cache: C:\Users\almac\AppData\Local\Temp\5e23017ae2bff2a0239ff499da948ac3.mpf_cache
2020-04-25 15:59:20,190 : ConfigProcessor : Loading config from cache: C:\Users\almac\AppData\Local\Temp\3183d529c1c05723ae7f7f27f6d76374.mpf_cache
2020-04-25 15:59:20,193 : ConfigProcessor : Loading config from cache: C:\Users\almac\AppData\Local\Temp\0c61b9df659d8368945fe529f085132e.mpf_cache
2020-04-25 15:59:20,195 : ConfigProcessor : Loading config from cache: C:\Users\almac\AppData\Local\Temp\8e537f3f1075ad5ff3f7e8ba8228812c.mpf_cache
2020-04-25 15:59:20,196 : ConfigProcessor : Loading config from cache: C:\Users\almac\AppData\Local\Temp\d6bb1cdfa60c1f50f35785cba55875d1.mpf_cache
2020-04-25 15:59:20,196 : ConfigProcessor : Loading config from cache: C:\Users\almac\AppData\Local\Temp\dd4913724ea8e05b50af346c964d02e0.mpf_cache
2020-04-25 15:59:20,197 : ConfigProcessor : Loading config from cache: C:\Users\almac\AppData\Local\Temp\c81a0f1062502e33bbed66b9eae15858.mpf_cache
2020-04-25 15:59:20,198 : ConfigProcessor : Loading config from cache: C:\Users\almac\AppData\Local\Temp\6a2515e5578170ee7c481918e8ad2f89.mpf_cache
2020-04-25 15:59:20,198 : ConfigProcessor : Loading config from cache: C:\Users\almac\AppData\Local\Temp\0378f93b62c546ad0a14fc16b8462c41.mpf_cache
2020-04-25 15:59:20,199 : ConfigProcessor : Loading config from cache: C:\Users\almac\AppData\Local\Temp\4ea733655e2f71aef4d6f646b7999fe0.mpf_cache
2020-04-25 15:59:20,200 : ConfigProcessor : Loading config from cache: C:\Users\almac\AppData\Local\Temp\f9a13da868835514a4e555019188716d.mpf_cache
2020-04-25 15:59:20,201 : ConfigProcessor : Loading config from cache: C:\Users\almac\AppData\Local\Temp\32e6b619402cb4da5981e97ecb1f6408.mpf_cache
2020-04-25 15:59:20,202 : ConfigProcessor : Loading config from cache: C:\Users\almac\AppData\Local\Temp\0db36da4b9aa41dcdeae696ef4ec8d87.mpf_cache
2020-04-25 15:59:20,203 : ConfigProcessor : Loading config from cache: C:\Users\almac\AppData\Local\Temp\e316602f2754df2a40ebb1b620c83c27.mpf_cache
2020-04-25 15:59:20,204 : ConfigProcessor : Config file in cache changed: E:\POKEMON - 4 - ATTRACT AND HIGH SCORE DISPLAYS\modes\attract\config\attract.yaml
2020-04-25 15:59:20,204 : ConfigProcessor : Loading config from file c:\users\almac\appdata\local\programs\python\python36\lib\site-packages\mpf\modes\attract\config\attract.yaml.
2020-04-25 15:59:20,206 : ConfigProcessor : Loading config: c:\users\almac\appdata\local\programs\python\python36\lib\site-packages\mpf\modes\attract\config\attract.yaml
2020-04-25 15:59:20,206 : ConfigProcessor : Loading config from file E:\POKEMON - 4 - ATTRACT AND HIGH SCORE DISPLAYS\modes\attract\config\attract.yaml.
2020-04-25 15:59:20,222 : ConfigProcessor : Loading config: E:\POKEMON - 4 - ATTRACT AND HIGH SCORE DISPLAYS\modes\attract\config\attract.yaml
2020-04-25 15:59:20,222 : kivy : Base: Leaving application in progress...
2020-04-25 15:59:20,222 : kivy : Exception while processing RegisteredHandler(callback=<bound method ModeController._load_modes of <mpfmc.core.mode_controller.ModeController object at 0x00000180422477B8>>, priority=1, kwargs={}, key=UUID('200e0feb-cb29-4f2a-bd5c-2e0648b45cee'), condition=None, blocking_facility=None) for event init_phase_2
Traceback (most recent call last):
  File "c:\users\almac\appdata\local\programs\python\python36\lib\site-packages\mpf\core\events.py", line 665, in _run_handlers
    result = handler.callback(**merged_kwargs)
  File "c:\users\almac\appdata\local\programs\python\python36\lib\site-packages\mpfmc\core\mode_controller.py", line 59, in _load_modes
    self.mc.modes[mode] = self._load_mode(mode)
  File "c:\users\almac\appdata\local\programs\python\python36\lib\site-packages\mpfmc\core\mode_controller.py", line 132, in _load_mode
    store_to_cache=self.mc.options['create_config_cache'], ignore_unknown_sections=True)
  File "c:\users\almac\appdata\local\programs\python\python36\lib\site-packages\mpf\core\config_processor.py", line 113, in load_config_files_with_cache
    ignore_unknown_sections)
  File "c:\users\almac\appdata\local\programs\python\python36\lib\site-packages\mpf\core\config_processor.py", line 178, in _load_config_file_and_return_loaded_files
    self._check_sections(config, config_type, filename, ignore_unknown_sections)
  File "c:\users\almac\appdata\local\programs\python\python36\lib\site-packages\mpf\core\config_processor.py", line 143, in _check_sections
    raise ConfigFileError("Config should be a dict: {}".format(config), 1, self.log.name, filename)
mpf.exceptions.config_file_error.ConfigFileError: Config File Error in ConfigProcessor: Config should be a dict: [{'duration': '20s', 'slides': {'show_high_scores': {'widgets': [{'type': 'Text', 'text': 'HIGH SCORES', 'font_size': 60, 'bold': True, 'anchor_x': 'center', 'anchor_y': 'center', 'x': 'center', 'y': 'top-100'}, {'type': 'Text', 'text': '(machine|score1_label)', 'style': 'attract_mode_high_score_display_label', 'y': 'top-200'}, {'type': 'Text', 'text': '(machine|score1_name)', 'style': 'attract_mode_high_score_display_name', 'y': 'top-200'}, {'type': 'Text', 'text': '(machine|score1_value)', 'style': 'attract_mode_high_score_display_score', 'y': 'top-200'}, {'type': 'Text', 'text': '(machine|score2_label)', 'style': 'attract_mode_high_score_display_label', 'y': 'top-240'}, {'type': 'Text', 'text': '(machine|score2_name)', 'style': 'attract_mode_high_score_display_name', 'y': 'top-240'}, {'type': 'Text', 'text': '(machine|score2_value)', 'style': 'attract_mode_high_score_display_score', 'y': 'top-240'}, {'type': 'Text', 'text': '(machine|score3_label)', 'style': 'attract_mode_high_score_display_label', 'y': 'top-280'}, {'type': 'Text', 'text': '(machine|score3_name)', 'style': 'attract_mode_high_score_display_name', 'y': 'top-280'}, {'type': 'Text', 'text': '(machine|score3_value)', 'style': 'attract_mode_high_score_display_score', 'y': 'top-280'}, {'type': 'Text', 'text': 'LOOP CHAMPION', 'font_size': 60, 'bold': True, 'anchor_x': 'center', 'anchor_y': 'center', 'x': 'center', 'y': 'top-500'}, {'type': 'Text', 'text': '(machine|loops1_label)', 'style': 'attract_mode_high_score_display_label', 'y': 'top-600'}, {'type': 'Text', 'text': '(machine|loops1_name)', 'style': 'attract_mode_high_score_display_name', 'y': 'top-600'}, {'type': 'Text', 'text': '(machine|loops1_value)', 'style': 'attract_mode_high_score_display_score', 'y': 'top-600'}]}}}] Context: E:\POKEMON - 4 - ATTRACT AND HIGH SCORE DISPLAYS\modes\attract\config\attract.yaml Error Code: CFE-ConfigProcessor-1 (https://docs.missionpinball.org/en/0.53/logs/CFE-ConfigProcessor-1.html)

The above exception was the direct cause of the following exception:

Traceback (most recent call last):
  File "c:\users\almac\appdata\local\programs\python\python36\lib\site-packages\mpfmc\commands\mc.py", line 213, in __init__
    thread_stopper=thread_stopper).run()
  File "c:\users\almac\appdata\local\programs\python\python36\lib\site-packages\kivy\app.py", line 855, in run
    runTouchApp()
  File "c:\users\almac\appdata\local\programs\python\python36\lib\site-packages\kivy\base.py", line 504, in runTouchApp
    EventLoop.window.mainloop()
  File "c:\users\almac\appdata\local\programs\python\python36\lib\site-packages\kivy\core\window\window_sdl2.py", line 747, in mainloop
    self._mainloop()
  File "c:\users\almac\appdata\local\programs\python\python36\lib\site-packages\kivy\core\window\window_sdl2.py", line 479, in _mainloop
    EventLoop.idle()
  File "c:\users\almac\appdata\local\programs\python\python36\lib\site-packages\kivy\base.py", line 339, in idle
    Clock.tick()
  File "c:\users\almac\appdata\local\programs\python\python36\lib\site-packages\kivy\clock.py", line 591, in tick
    self._process_events()
  File "kivy\_clock.pyx", line 384, in kivy._clock.CyClockBase._process_events
  File "kivy\_clock.pyx", line 414, in kivy._clock.CyClockBase._process_events
  File "kivy\_clock.pyx", line 412, in kivy._clock.CyClockBase._process_events
  File "kivy\_clock.pyx", line 167, in kivy._clock.ClockEvent.tick
  File "c:\users\almac\appdata\local\programs\python\python36\lib\site-packages\mpfmc\uix\display.py", line 205, in _displays_initialized
    self.mc.displays_initialized()
  File "c:\users\almac\appdata\local\programs\python\python36\lib\site-packages\mpfmc\core\mc.py", line 336, in displays_initialized
    self._init()
  File "c:\users\almac\appdata\local\programs\python\python36\lib\site-packages\mpfmc\core\mc.py", line 380, in _init
    self.events.process_event_queue()
  File "c:\users\almac\appdata\local\programs\python\python36\lib\site-packages\mpf\core\events.py", line 752, in process_event_queue
    **event[3])
  File "c:\users\almac\appdata\local\programs\python\python36\lib\site-packages\mpf\core\events.py", line 711, in _process_event
    result = self._run_handlers(event, ev_type, kwargs)
  File "c:\users\almac\appdata\local\programs\python\python36\lib\site-packages\mpf\core\events.py", line 667, in _run_handlers
    raise Exception("Exception while processing {} for event {}".format(handler, event)) from e
Exception: Exception while processing RegisteredHandler(callback=<bound method ModeController._load_modes of <mpfmc.core.mode_controller.ModeController object at 0x00000180422477B8>>, priority=1, kwargs={}, key=UUID('200e0feb-cb29-4f2a-bd5c-2e0648b45cee'), condition=None, blocking_facility=None) for event init_phase_2
2020-04-25 15:59:20,227 : kivy : Stopping child threads... (1 remaining)
2020-04-25 15:59:21,132 : kivy : All child threads stopped.
